#
# There is insufficient memory for the Java Runtime Environment to continue.
# Native memory allocation (mmap) failed to map 264241152 bytes. Error detail: G1 virtual space
# Possible reasons:
#   The system is out of physical RAM or swap space
#   This process is running with CompressedOops enabled, and the Java Heap may be blocking the growth of the native heap
# Possible solutions:
#   Reduce memory load on the system
#   Increase physical memory or swap space
#   Check if swap backing store is full
#   Decrease Java heap size (-Xmx/-Xms)
#   Decrease number of Java threads
#   Decrease Java thread stack sizes (-Xss)
#   Set larger code cache with -XX:ReservedCodeCacheSize=
#   JVM is running with Zero Based Compressed Oops mode in which the Java heap is
#     placed in the first 32GB address space. The Java Heap base address is the
#     maximum limit for the native heap growth. Please use -XX:HeapBaseMinAddress
#     to set the Java Heap base and to place the Java Heap above 32GB virtual address.
# This output file may be truncated or incomplete.
#
#  Out of Memory Error (os_windows.cpp:3564), pid=10936, tid=30312
#
# JRE version:  (24.0.1+9) (build )
# Java VM: Java HotSpot(TM) 64-Bit Server VM (24.0.1+9-30, mixed mode, sharing, tiered, compressed oops, compressed class ptrs, g1 gc, windows-amd64)
# No core dump will be written. Minidumps are not enabled by default on client versions of Windows
#

---------------  S U M M A R Y ------------

Command Line: -javaagent:C:\Program Files\JetBrains\IntelliJ IDEA Community Edition 2025.1.1.1\lib\idea_rt.jar=38323 -Dfile.encoding=UTF-8 -Dsun.stdout.encoding=UTF-8 -Dsun.stderr.encoding=UTF-8 VentanaLogin.VentanaLogin

Host: 13th Gen Intel(R) Core(TM) i5-13500H, 16 cores, 15G,  Windows 11 , 64 bit Build 26100 (10.0.26100.4768)
Time: Sun Aug 10 00:16:56 2025 Hora estándar oeste, Sudamérica elapsed time: 1.255451 seconds (0d 0h 0m 1s)

---------------  T H R E A D  ---------------

Current thread (0x0000028c14e0b010):  JavaThread "Unknown thread" [_thread_in_vm, id=30312, stack(0x000000f771500000,0x000000f771600000) (1024K)]

Stack: [0x000000f771500000,0x000000f771600000]
Native frames: (J=compiled Java code, j=interpreted, Vv=VM code, C=native code)
V  [jvm.dll+0x730739]  (no source info available)
V  [jvm.dll+0x8d9b23]  (no source info available)
V  [jvm.dll+0x8dc00d]  (no source info available)
V  [jvm.dll+0x8dc683]  (no source info available)
V  [jvm.dll+0x2aa086]  (no source info available)
V  [jvm.dll+0x72cc65]  (no source info available)
V  [jvm.dll+0x72059a]  (no source info available)
V  [jvm.dll+0x390cea]  (no source info available)
V  [jvm.dll+0x3989f6]  (no source info available)
V  [jvm.dll+0x38523e]  (no source info available)
V  [jvm.dll+0x3854f8]  (no source info available)
V  [jvm.dll+0x35d0cc]  (no source info available)
V  [jvm.dll+0x35dd8d]  (no source info available)
V  [jvm.dll+0x89d28f]  (no source info available)
V  [jvm.dll+0x3f985d]  (no source info available)
V  [jvm.dll+0x8858e6]  (no source info available)
V  [jvm.dll+0x495f3e]  (no source info available)
V  [jvm.dll+0x497d11]  (no source info available)
C  [jli.dll+0x52a1]  (no source info available)
C  [ucrtbase.dll+0x37b0]  (no source info available)
C  [KERNEL32.DLL+0x2e8d7]  (no source info available)
C  [ntdll.dll+0x3c34c]  (no source info available)

Lock stack of current Java thread (top to bottom):


---------------  P R O C E S S  ---------------

Threads class SMR info:
_java_thread_list=0x00007ff9a6b1f318, length=0, elements={
}

Java Threads: ( => current thread )
Total: 0

Other Threads:
  0x0000028c14e73610 WorkerThread "GC Thread#0"                     [id=21200, stack(0x000000f771600000,0x000000f771700000) (1024K)]
  0x0000028c14e88fd0 ConcurrentGCThread "G1 Main Marker"            [id=21376, stack(0x000000f771700000,0x000000f771800000) (1024K)]
  0x0000028c14e8a9d0 WorkerThread "G1 Conc#0"                       [id=9268, stack(0x000000f771800000,0x000000f771900000) (1024K)]

[error occurred during error reporting (printing all threads), id 0xc0000005, EXCEPTION_ACCESS_VIOLATION (0xc0000005) at pc=0x00007ff9a62514ea]
VM state: not at safepoint (not fully initialized)

VM Mutex/Monitor currently owned by a thread:  ([mutex/lock_event])
[0x00007ff9a6ba45b0] Heap_lock - owner thread: 0x0000028c14e0b010

Heap address: 0x0000000705a00000, size: 4006 MB, Compressed Oops mode: Zero based, Oop shift amount: 3

CDS archive(s) mapped at: [0x0000000000000000-0x0000000000000000-0x0000000000000000), size 0, SharedBaseAddress: 0x0000000800000000, ArchiveRelocationMode: 1.
UseCompressedClassPointers 1, UseCompactObjectHeaders 0
Narrow klass pointer bits 32, Max shift 3
Narrow klass base: 0xffffffffffffffff, Narrow klass shift: -1
Encoding Range: [0xffffffffffffffff - 0x000000007fffffff), (2147483648 bytes)
Klass Range:    [0x0000000000000000 - 0x0000000000000000), (0 bytes)
Klass ID Range:  [4294967295 - 0) (1)

GC Precious Log:
 CardTable entry size: 512
 Card Set container configuration: InlinePtr #cards 4 size 8 Array Of Cards #cards 16 size 48 Howl #buckets 8 coarsen threshold 3686 Howl Bitmap #cards 512 size 80 coarsen threshold 460 Card regions per heap region 1 cards per card region 4096

Heap:
 garbage-first heap   total reserved 4102144K, committed 0K, used 0K [0x0000000705a00000, 0x0000000800000000)
  region size 2048K, 0 young (0K), 0 survivors (0K)

[error occurred during error reporting (printing heap information), id 0xc0000005, EXCEPTION_ACCESS_VIOLATION (0xc0000005) at pc=0x00007ff9a666e3e9]
GC Heap History (0 events):
No events

Dll operation events (1 events):
Event: 0.023 Loaded shared library C:\Program Files\Java\jdk-24\bin\java.dll

Deoptimization events (0 events):
No events

Classes loaded (0 events):
No events

Classes unloaded (0 events):
No events

Classes redefined (0 events):
No events

Internal exceptions (0 events):
No events

VM Operations (0 events):
No events

Memory protections (0 events):
No events

Nmethod flushes (0 events):
No events

Events (0 events):
No events


Dynamic libraries:
0x00007ff731180000 - 0x00007ff731190000 	C:\Program Files\Java\jdk-24\bin\java.exe
0x00007ffa7db00000 - 0x00007ffa7dd67000 	C:\WINDOWS\SYSTEM32\ntdll.dll
0x00007ffa7c780000 - 0x00007ffa7c849000 	C:\WINDOWS\System32\KERNEL32.DLL
0x00007ffa7b200000 - 0x00007ffa7b5f0000 	C:\WINDOWS\System32\KERNELBASE.dll
0x00007ffa7b740000 - 0x00007ffa7b88b000 	C:\WINDOWS\System32\ucrtbase.dll
0x00007ffa48490000 - 0x00007ffa484a6000 	C:\Program Files\Java\jdk-24\bin\jli.dll
0x00007ffa61c00000 - 0x00007ffa61c1b000 	C:\Program Files\Java\jdk-24\bin\VCRUNTIME140.dll
0x00007ffa7d8f0000 - 0x00007ffa7dab5000 	C:\WINDOWS\System32\USER32.dll
0x00007ffa58f80000 - 0x00007ffa5921a000 	C:\WINDOWS\WinSxS\amd64_microsoft.windows.common-controls_6595b64144ccf1df_6.0.26100.4768_none_3e0c112ce331287c\COMCTL32.dll
0x00007ffa7af00000 - 0x00007ffa7af27000 	C:\WINDOWS\System32\win32u.dll
0x00007ffa7ca80000 - 0x00007ffa7cb29000 	C:\WINDOWS\System32\msvcrt.dll
0x00007ffa7c970000 - 0x00007ffa7c99b000 	C:\WINDOWS\System32\GDI32.dll
0x00007ffa7b600000 - 0x00007ffa7b738000 	C:\WINDOWS\System32\gdi32full.dll
0x00007ffa7b0b0000 - 0x00007ffa7b153000 	C:\WINDOWS\System32\msvcp_win.dll
0x00007ffa7cf40000 - 0x00007ffa7cf6f000 	C:\WINDOWS\System32\IMM32.DLL
0x00007ffa65f80000 - 0x00007ffa65f8c000 	C:\Program Files\Java\jdk-24\bin\vcruntime140_1.dll
0x00007ffa2d2a0000 - 0x00007ffa2d32e000 	C:\Program Files\Java\jdk-24\bin\msvcp140.dll
0x00007ff9a5ee0000 - 0x00007ff9a6c82000 	C:\Program Files\Java\jdk-24\bin\server\jvm.dll
0x00007ffa7bd70000 - 0x00007ffa7be24000 	C:\WINDOWS\System32\ADVAPI32.dll
0x00007ffa7b890000 - 0x00007ffa7b936000 	C:\WINDOWS\System32\sechost.dll
0x00007ffa7be30000 - 0x00007ffa7bf48000 	C:\WINDOWS\System32\RPCRT4.dll
0x00007ffa7cf80000 - 0x00007ffa7cff4000 	C:\WINDOWS\System32\WS2_32.dll
0x00007ffa65c90000 - 0x00007ffa65c9b000 	C:\WINDOWS\SYSTEM32\VERSION.dll
0x00007ffa6fbe0000 - 0x00007ffa6fc15000 	C:\WINDOWS\SYSTEM32\WINMM.dll
0x00007ffa7aa90000 - 0x00007ffa7aaee000 	C:\WINDOWS\SYSTEM32\POWRPROF.dll
0x00007ffa7aa70000 - 0x00007ffa7aa84000 	C:\WINDOWS\SYSTEM32\UMPDC.dll
0x00007ffa79970000 - 0x00007ffa7998b000 	C:\WINDOWS\SYSTEM32\kernel.appcore.dll
0x00007ffa62390000 - 0x00007ffa6239a000 	C:\Program Files\Java\jdk-24\bin\jimage.dll
0x00007ffa782c0000 - 0x00007ffa78501000 	C:\WINDOWS\SYSTEM32\DBGHELP.DLL
0x00007ffa7cb30000 - 0x00007ffa7ceb5000 	C:\WINDOWS\System32\combase.dll
0x00007ffa7b940000 - 0x00007ffa7ba20000 	C:\WINDOWS\System32\OLEAUT32.dll
0x00007ffa62b50000 - 0x00007ffa62b93000 	C:\WINDOWS\SYSTEM32\dbgcore.DLL
0x00007ffa7b160000 - 0x00007ffa7b1f9000 	C:\WINDOWS\System32\bcryptPrimitives.dll
0x00007ffa61bf0000 - 0x00007ffa61bff000 	C:\Program Files\Java\jdk-24\bin\instrument.dll
0x00007ffa5ac80000 - 0x00007ffa5ac9e000 	C:\Program Files\Java\jdk-24\bin\java.dll
0x00007ffa7bbc0000 - 0x00007ffa7bd60000 	C:\WINDOWS\System32\ole32.dll
0x00007ffa7bfd0000 - 0x00007ffa7c71d000 	C:\WINDOWS\System32\SHELL32.dll
0x00007ffa7af30000 - 0x00007ffa7b0a3000 	C:\WINDOWS\System32\wintypes.dll

JVMTI agents:
C:\Program Files\JetBrains\IntelliJ IDEA Community Edition 2025.1.1.1\lib\idea_rt.jar path:none, loaded, not initialized, instrumentlib options:38323

dbghelp: loaded successfully - version: 4.0.5 - missing functions: none
symbol engine: initialized successfully - sym options: 0x614 - pdb path: .;C:\Program Files\Java\jdk-24\bin;C:\WINDOWS\SYSTEM32;C:\WINDOWS\WinSxS\amd64_microsoft.windows.common-controls_6595b64144ccf1df_6.0.26100.4768_none_3e0c112ce331287c;C:\Program Files\Java\jdk-24\bin\server

VM Arguments:
jvm_args: -javaagent:C:\Program Files\JetBrains\IntelliJ IDEA Community Edition 2025.1.1.1\lib\idea_rt.jar=38323 -Dfile.encoding=UTF-8 -Dsun.stdout.encoding=UTF-8 -Dsun.stderr.encoding=UTF-8 
java_command: VentanaLogin.VentanaLogin
java_class_path (initial): C:\Users\kevin\Desktop\Sistema de faturacion\Sistema_de_facturacionColmado\SistemaFacturacionColmado\out\production\SistemaFacturacionColmado;C:\Users\kevin\Documents\Librerias\AbsoluteLayout-RELEASE140.jar;C:\Users\kevin\Documents\Librerias\mysql-connector-java-8.0.14.jar;C:\Users\kevin\Documents\Librerias\flatlaf-3.6.jar
Launcher Type: SUN_STANDARD

[Global flags]
     intx CICompilerCount                          = 12                                        {product} {ergonomic}
     uint ConcGCThreads                            = 3                                         {product} {ergonomic}
     uint G1ConcRefinementThreads                  = 13                                        {product} {ergonomic}
   size_t G1HeapRegionSize                         = 2097152                                   {product} {ergonomic}
   size_t InitialHeapSize                          = 264241152                                 {product} {ergonomic}
   size_t MarkStackSize                            = 4194304                                   {product} {ergonomic}
   size_t MarkStackSizeMax                         = 536870912                                 {product} {ergonomic}
   size_t MaxHeapSize                              = 4200595456                                {product} {ergonomic}
   size_t MinHeapDeltaBytes                        = 2097152                                   {product} {ergonomic}
   size_t MinHeapSize                              = 8388608                                   {product} {ergonomic}
    uintx NonNMethodCodeHeapSize                   = 7602176                                {pd product} {ergonomic}
    uintx NonProfiledCodeHeapSize                  = 122093568                              {pd product} {ergonomic}
    uintx ProfiledCodeHeapSize                     = 121962496                              {pd product} {ergonomic}
    uintx ReservedCodeCacheSize                    = 251658240                              {pd product} {ergonomic}
     bool SegmentedCodeCache                       = true                                      {product} {ergonomic}
   size_t SoftMaxHeapSize                          = 4200595456                             {manageable} {ergonomic}
     bool UseCompressedOops                        = true                           {product lp64_product} {ergonomic}
     bool UseG1GC                                  = true                                      {product} {ergonomic}
     bool UseLargePagesIndividualAllocation        = false                                  {pd product} {ergonomic}

Logging:
Log output configuration:
 #0: stdout all=warning uptime,level,tags foldmultilines=false
 #1: stderr all=off uptime,level,tags foldmultilines=false

Environment Variables:
PATH=C:\Program Files\Common Files\Oracle\Java\javapath;C:\msys64\ucrt64\bin;C:\Program Files\dotnet\;C:\Program Files\Docker\Docker\resources\bin;C:\Program Files\Microsoft SQL Server\Client SDK\ODBC\170\Tools\Binn\;C:\Program Files\Git\cmd;C:\Program Files (x86)\Microsoft SQL Server\160\Tools\Binn\;C:\Program Files\Microsoft SQL Server\160\Tools\Binn\;C:\Program Files\Microsoft SQL Server\160\DTS\Binn\;C:\Program Files\Microsoft SQL Server\150\Tools\Binn\;C:\Program Files (x86)\Windows Kits\10\Windows Performance Toolkit\;C:\Users\kevin\AppData\Local\Microsoft\WindowsApps;C:\Users\kevin\AppData\Roaming\Microsoft\Windows\Start Menu\Programs\MSYS2;C:\Users\kevin\AppData\Local\Programs\Microsoft VS Code\bin;C:\msys64\ucrt64\bin;C:\Users\kevin\.dotnet\tools;C:\Program Files (x86)\Nmap;C:\Users\kevin\AppData\Local\GitHubDesktop\bin
USERNAME=kevin
OS=Windows_NT
PROCESSOR_IDENTIFIER=Intel64 Family 6 Model 186 Stepping 2, GenuineIntel
TMP=C:\Users\kevin\AppData\Local\Temp
TEMP=C:\Users\kevin\AppData\Local\Temp




Periodic native trim disabled

---------------  S Y S T E M  ---------------

OS:
 Windows 11 , 64 bit Build 26100 (10.0.26100.4768)
OS uptime: 11 days 8:09 hours
Hyper-V role detected

CPU: total 16 (initial active 16) (8 cores per cpu, 2 threads per core) family 6 model 186 stepping 2 microcode 0x4122, cx8, cmov, fxsr, ht, mmx, 3dnowpref, sse, sse2, sse3, ssse3, sse4.1, sse4.2, popcnt, lzcnt, tsc, tscinvbit, avx, avx2, aes, erms, clmul, bmi1, bmi2, adx, sha, fma, vzeroupper, clflush, clflushopt, clwb, hv, serialize, rdtscp, rdpid, fsrm, gfni, f16c, cet_ibt, cet_ss
Processor Information for processor 0
  Max Mhz: 2600, Current Mhz: 1496, Mhz Limit: 2600
Processor Information for processor 1
  Max Mhz: 2600, Current Mhz: 1496, Mhz Limit: 2600
Processor Information for processor 2
  Max Mhz: 2600, Current Mhz: 1496, Mhz Limit: 2600
Processor Information for processor 3
  Max Mhz: 2600, Current Mhz: 1496, Mhz Limit: 2600
Processor Information for processor 4
  Max Mhz: 2600, Current Mhz: 1496, Mhz Limit: 2600
Processor Information for processor 5
  Max Mhz: 2600, Current Mhz: 1496, Mhz Limit: 2600
Processor Information for processor 6
  Max Mhz: 2600, Current Mhz: 1496, Mhz Limit: 2600
Processor Information for processor 7
  Max Mhz: 2600, Current Mhz: 1496, Mhz Limit: 2600
Processor Information for processor 8
  Max Mhz: 2600, Current Mhz: 1500, Mhz Limit: 1898
Processor Information for processor 9
  Max Mhz: 2600, Current Mhz: 1500, Mhz Limit: 1898
Processor Information for processor 10
  Max Mhz: 2600, Current Mhz: 1500, Mhz Limit: 1898
Processor Information for processor 11
  Max Mhz: 2600, Current Mhz: 1500, Mhz Limit: 1898
Processor Information for processor 12
  Max Mhz: 2600, Current Mhz: 1500, Mhz Limit: 1898
Processor Information for processor 13
  Max Mhz: 2600, Current Mhz: 1500, Mhz Limit: 1898
Processor Information for processor 14
  Max Mhz: 2600, Current Mhz: 1500, Mhz Limit: 1898
Processor Information for processor 15
  Max Mhz: 2600, Current Mhz: 1500, Mhz Limit: 1898

Memory: 4k page, system-wide physical 16016M (2575M free)
TotalPageFile size 20112M (AvailPageFile size 212M)
current process WorkingSet (physical memory assigned to process): 14M, peak: 14M
current process commit charge ("private bytes"): 71M, peak: 323M

vm_info: Java HotSpot(TM) 64-Bit Server VM (24.0.1+9-30) for windows-amd64 JRE (24.0.1+9-30), built on 2025-03-05T07:23:45Z with MS VC++ 17.6 (VS2022)

END.
