#
# There is insufficient memory for the Java Runtime Environment to continue.
# Native memory allocation (malloc) failed to allocate 1406096 bytes. Error detail: Chunk::new
# Possible reasons:
#   The system is out of physical RAM or swap space
#   This process is running with CompressedOops enabled, and the Java Heap may be blocking the growth of the native heap
# Possible solutions:
#   Reduce memory load on the system
#   Increase physical memory or swap space
#   Check if swap backing store is full
#   Decrease Java heap size (-Xmx/-Xms)
#   Decrease number of Java threads
#   Decrease Java thread stack sizes (-Xss)
#   Set larger code cache with -XX:ReservedCodeCacheSize=
#   JVM is running with Zero Based Compressed Oops mode in which the Java heap is
#     placed in the first 32GB address space. The Java Heap base address is the
#     maximum limit for the native heap growth. Please use -XX:HeapBaseMinAddress
#     to set the Java Heap base and to place the Java Heap above 32GB virtual address.
# This output file may be truncated or incomplete.
#
#  Out of Memory Error (arena.cpp:162), pid=23000, tid=29692
#
# JRE version: Java(TM) SE Runtime Environment (24.0.1+9) (build 24.0.1+9-30)
# Java VM: Java HotSpot(TM) 64-Bit Server VM (24.0.1+9-30, mixed mode, sharing, tiered, compressed oops, compressed class ptrs, g1 gc, windows-amd64)
# No core dump will be written. Minidumps are not enabled by default on client versions of Windows
#

---------------  S U M M A R Y ------------

Command Line: -Dfile.encoding=UTF-8 --enable-native-access=ALL-UNNAMED --module-path=C:\Users\kevin\Desktop\Sistema de faturacion\Sistema_de_facturacionColmado\SistemaFacturacionColmado\build\classes logica.SistemaFacturacionColmado

Host: 13th Gen Intel(R) Core(TM) i5-13500H, 16 cores, 15G,  Windows 11 , 64 bit Build 26100 (10.0.26100.4768)
Time: Mon Aug 11 20:21:47 2025 Hora estándar oeste, Sudamérica elapsed time: 2.042615 seconds (0d 0h 0m 2s)

---------------  T H R E A D  ---------------

Current thread (0x0000018cc518a2d0):  JavaThread "C2 CompilerThread1" daemon [_thread_in_native, id=29692, stack(0x0000006a1a200000,0x0000006a1a300000) (1024K)]


Current CompileTask:
C2:2042 1098       4       java.lang.String$CaseInsensitiveComparator::compare (13 bytes)

Stack: [0x0000006a1a200000,0x0000006a1a300000]
Native frames: (J=compiled Java code, j=interpreted, Vv=VM code, C=native code)
V  [jvm.dll+0x730739]  (no source info available)
V  [jvm.dll+0x8d9b23]  (no source info available)
V  [jvm.dll+0x8dc00d]  (no source info available)
V  [jvm.dll+0x8dc683]  (no source info available)
V  [jvm.dll+0x2aa086]  (no source info available)
V  [jvm.dll+0xcedef]  (no source info available)
V  [jvm.dll+0xcf04f]  (no source info available)
V  [jvm.dll+0x154d83]  (no source info available)
V  [jvm.dll+0x735f5f]  (no source info available)
V  [jvm.dll+0x26fa1c]  (no source info available)
V  [jvm.dll+0x26ea3f]  (no source info available)
V  [jvm.dll+0x1e9d60]  (no source info available)
V  [jvm.dll+0x27e1fb]  (no source info available)
V  [jvm.dll+0x27c49a]  (no source info available)
V  [jvm.dll+0x42f456]  (no source info available)
V  [jvm.dll+0x87d76b]  (no source info available)
V  [jvm.dll+0x72ee55]  (no source info available)
C  [ucrtbase.dll+0x37b0]  (no source info available)
C  [KERNEL32.DLL+0x2e8d7]  (no source info available)
C  [ntdll.dll+0x3c34c]  (no source info available)

Lock stack of current Java thread (top to bottom):


---------------  P R O C E S S  ---------------

Threads class SMR info:
_java_thread_list=0x0000018cc58d4fc0, length=15, elements={
0x0000018ccb7c0960, 0x0000018cc50104a0, 0x0000018cc5010be0, 0x0000018cc5012940,
0x0000018cc5013470, 0x0000018cc501bfb0, 0x0000018cc501f290, 0x0000018cc5024360,
0x0000018cc5032c50, 0x0000018cc501f9e0, 0x0000018cc5104070, 0x0000018cc510ca30,
0x0000018cc518a2d0, 0x0000018cc5020130, 0x0000018cc5021720
}

Java Threads: ( => current thread )
  0x0000018ccb7c0960 JavaThread "main"                              [_thread_in_native, id=30052, stack(0x0000006a18e00000,0x0000006a18f00000) (1024K)]
  0x0000018cc50104a0 JavaThread "Reference Handler"          daemon [_thread_blocked, id=26548, stack(0x0000006a19600000,0x0000006a19700000) (1024K)]
  0x0000018cc5010be0 JavaThread "Finalizer"                  daemon [_thread_blocked, id=30932, stack(0x0000006a19700000,0x0000006a19800000) (1024K)]
  0x0000018cc5012940 JavaThread "Signal Dispatcher"          daemon [_thread_blocked, id=4300, stack(0x0000006a19800000,0x0000006a19900000) (1024K)]
  0x0000018cc5013470 JavaThread "Attach Listener"            daemon [_thread_blocked, id=2612, stack(0x0000006a19900000,0x0000006a19a00000) (1024K)]
  0x0000018cc501bfb0 JavaThread "Service Thread"             daemon [_thread_blocked, id=21152, stack(0x0000006a19a00000,0x0000006a19b00000) (1024K)]
  0x0000018cc501f290 JavaThread "Monitor Deflation Thread"   daemon [_thread_blocked, id=26716, stack(0x0000006a19b00000,0x0000006a19c00000) (1024K)]
  0x0000018cc5024360 JavaThread "C2 CompilerThread0"         daemon [_thread_in_vm, id=23844, stack(0x0000006a19c00000,0x0000006a19d00000) (1024K)]
  0x0000018cc5032c50 JavaThread "C1 CompilerThread0"         daemon [_thread_blocked, id=1480, stack(0x0000006a19d00000,0x0000006a19e00000) (1024K)]
  0x0000018cc501f9e0 JavaThread "Common-Cleaner"             daemon [_thread_blocked, id=18216, stack(0x0000006a19e00000,0x0000006a19f00000) (1024K)]
  0x0000018cc5104070 JavaThread "C1 CompilerThread1"         daemon [_thread_blocked, id=12064, stack(0x0000006a19f00000,0x0000006a1a000000) (1024K)]
  0x0000018cc510ca30 JavaThread "C1 CompilerThread2"         daemon [_thread_blocked, id=27056, stack(0x0000006a1a000000,0x0000006a1a100000) (1024K)]
=>0x0000018cc518a2d0 JavaThread "C2 CompilerThread1"         daemon [_thread_in_native, id=29692, stack(0x0000006a1a200000,0x0000006a1a300000) (1024K)]
  0x0000018cc5020130 JavaThread "Notification Thread"        daemon [_thread_blocked, id=8804, stack(0x0000006a1a300000,0x0000006a1a400000) (1024K)]
  0x0000018cc5021720 JavaThread "mysql-cj-abandoned-connection-cleanup" daemon [_thread_blocked, id=26572, stack(0x0000006a1a400000,0x0000006a1a500000) (1024K)]
Total: 15

Other Threads:
  0x0000018ced46f8e0 VMThread "VM Thread"                           [id=21040, stack(0x0000006a19500000,0x0000006a19600000) (1024K)]
  0x0000018ced32aba0 WatcherThread "VM Periodic Task Thread"        [id=16304, stack(0x0000006a19400000,0x0000006a19500000) (1024K)]
  0x0000018ccbde2210 WorkerThread "GC Thread#0"                     [id=26268, stack(0x0000006a18f00000,0x0000006a19000000) (1024K)]
  0x0000018ccbdf6be0 ConcurrentGCThread "G1 Main Marker"            [id=852, stack(0x0000006a19000000,0x0000006a19100000) (1024K)]
  0x0000018ccbdf8540 WorkerThread "G1 Conc#0"                       [id=26820, stack(0x0000006a19100000,0x0000006a19200000) (1024K)]
  0x0000018ced317e20 ConcurrentGCThread "G1 Refine#0"               [id=3904, stack(0x0000006a19200000,0x0000006a19300000) (1024K)]
  0x0000018ced319750 ConcurrentGCThread "G1 Service"                [id=6596, stack(0x0000006a19300000,0x0000006a19400000) (1024K)]
Total: 7

Threads with active compile tasks:
C2 CompilerThread0  2204 1204       4       sun.security.provider.SHA::implCompress0 (478 bytes)
C2 CompilerThread1  2204 1098       4       java.lang.String$CaseInsensitiveComparator::compare (13 bytes)
Total: 2

VM state: not at safepoint (normal execution)

VM Mutex/Monitor currently owned by a thread: None

Heap address: 0x0000000705a00000, size: 4006 MB, Compressed Oops mode: Zero based, Oop shift amount: 3

CDS archive(s) mapped at: [0x0000018c80000000-0x0000018c80d40000-0x0000018c80d40000), size 13893632, SharedBaseAddress: 0x0000018c80000000, ArchiveRelocationMode: 1.
Compressed class space mapped at: 0x0000018c81000000-0x0000018cc1000000, reserved size: 1073741824
UseCompressedClassPointers 1, UseCompactObjectHeaders 0
Narrow klass pointer bits 32, Max shift 3
Narrow klass base: 0x0000018c80000000, Narrow klass shift: 0
Encoding Range: [0x0000018c80000000 - 0x0000018d80000000), (4294967296 bytes)
Klass Range:    [0x0000018c80000000 - 0x0000018cc1000000), (1090519040 bytes)
Klass ID Range:  [8 - 1090519033) (1090519025)

GC Precious Log:
 CardTable entry size: 512
 Card Set container configuration: InlinePtr #cards 4 size 8 Array Of Cards #cards 16 size 48 Howl #buckets 8 coarsen threshold 3686 Howl Bitmap #cards 512 size 80 coarsen threshold 460 Card regions per heap region 1 cards per card region 4096
 CPUs: 16 total, 16 available
 Memory: 16016M
 Large Page Support: Disabled
 NUMA Support: Disabled
 Compressed Oops: Enabled (Zero based)
 Heap Region Size: 2M
 Heap Min Capacity: 8M
 Heap Initial Capacity: 252M
 Heap Max Capacity: 4006M
 Pre-touch: Disabled
 Parallel Workers: 13
 Concurrent Workers: 3
 Concurrent Refinement Workers: 13
 Periodic GC: Disabled

Heap:
 garbage-first heap   total reserved 4102144K, committed 260096K, used 21620K [0x0000000705a00000, 0x0000000800000000)
  region size 2048K, 11 young (22528K), 0 survivors (0K)
 Metaspace       used 6585K, committed 6784K, reserved 1114112K
  class space    used 546K, committed 640K, reserved 1048576K

Heap Regions: E=young(eden), S=young(survivor), O=old, HS=humongous(starts), HC=humongous(continues), CS=collection set, F=free, TAMS=top-at-mark-start, PB=parsable bottom
|   0|0x0000000705a00000, 0x0000000705a00000, 0x0000000705c00000|  0%| F|  |TAMS 0x0000000705a00000| PB 0x0000000705a00000| Untracked |  0
|   1|0x0000000705c00000, 0x0000000705c00000, 0x0000000705e00000|  0%| F|  |TAMS 0x0000000705c00000| PB 0x0000000705c00000| Untracked |  0
|   2|0x0000000705e00000, 0x0000000705e00000, 0x0000000706000000|  0%| F|  |TAMS 0x0000000705e00000| PB 0x0000000705e00000| Untracked |  0
|   3|0x0000000706000000, 0x0000000706000000, 0x0000000706200000|  0%| F|  |TAMS 0x0000000706000000| PB 0x0000000706000000| Untracked |  0
|   4|0x0000000706200000, 0x0000000706200000, 0x0000000706400000|  0%| F|  |TAMS 0x0000000706200000| PB 0x0000000706200000| Untracked |  0
|   5|0x0000000706400000, 0x0000000706400000, 0x0000000706600000|  0%| F|  |TAMS 0x0000000706400000| PB 0x0000000706400000| Untracked |  0
|   6|0x0000000706600000, 0x0000000706600000, 0x0000000706800000|  0%| F|  |TAMS 0x0000000706600000| PB 0x0000000706600000| Untracked |  0
|   7|0x0000000706800000, 0x0000000706800000, 0x0000000706a00000|  0%| F|  |TAMS 0x0000000706800000| PB 0x0000000706800000| Untracked |  0
|   8|0x0000000706a00000, 0x0000000706a00000, 0x0000000706c00000|  0%| F|  |TAMS 0x0000000706a00000| PB 0x0000000706a00000| Untracked |  0
|   9|0x0000000706c00000, 0x0000000706c00000, 0x0000000706e00000|  0%| F|  |TAMS 0x0000000706c00000| PB 0x0000000706c00000| Untracked |  0
|  10|0x0000000706e00000, 0x0000000706e00000, 0x0000000707000000|  0%| F|  |TAMS 0x0000000706e00000| PB 0x0000000706e00000| Untracked |  0
|  11|0x0000000707000000, 0x0000000707000000, 0x0000000707200000|  0%| F|  |TAMS 0x0000000707000000| PB 0x0000000707000000| Untracked |  0
|  12|0x0000000707200000, 0x0000000707200000, 0x0000000707400000|  0%| F|  |TAMS 0x0000000707200000| PB 0x0000000707200000| Untracked |  0
|  13|0x0000000707400000, 0x0000000707400000, 0x0000000707600000|  0%| F|  |TAMS 0x0000000707400000| PB 0x0000000707400000| Untracked |  0
|  14|0x0000000707600000, 0x0000000707600000, 0x0000000707800000|  0%| F|  |TAMS 0x0000000707600000| PB 0x0000000707600000| Untracked |  0
|  15|0x0000000707800000, 0x0000000707800000, 0x0000000707a00000|  0%| F|  |TAMS 0x0000000707800000| PB 0x0000000707800000| Untracked |  0
|  16|0x0000000707a00000, 0x0000000707a00000, 0x0000000707c00000|  0%| F|  |TAMS 0x0000000707a00000| PB 0x0000000707a00000| Untracked |  0
|  17|0x0000000707c00000, 0x0000000707c00000, 0x0000000707e00000|  0%| F|  |TAMS 0x0000000707c00000| PB 0x0000000707c00000| Untracked |  0
|  18|0x0000000707e00000, 0x0000000707e00000, 0x0000000708000000|  0%| F|  |TAMS 0x0000000707e00000| PB 0x0000000707e00000| Untracked |  0
|  19|0x0000000708000000, 0x0000000708000000, 0x0000000708200000|  0%| F|  |TAMS 0x0000000708000000| PB 0x0000000708000000| Untracked |  0
|  20|0x0000000708200000, 0x0000000708200000, 0x0000000708400000|  0%| F|  |TAMS 0x0000000708200000| PB 0x0000000708200000| Untracked |  0
|  21|0x0000000708400000, 0x0000000708400000, 0x0000000708600000|  0%| F|  |TAMS 0x0000000708400000| PB 0x0000000708400000| Untracked |  0
|  22|0x0000000708600000, 0x0000000708600000, 0x0000000708800000|  0%| F|  |TAMS 0x0000000708600000| PB 0x0000000708600000| Untracked |  0
|  23|0x0000000708800000, 0x0000000708800000, 0x0000000708a00000|  0%| F|  |TAMS 0x0000000708800000| PB 0x0000000708800000| Untracked |  0
|  24|0x0000000708a00000, 0x0000000708a00000, 0x0000000708c00000|  0%| F|  |TAMS 0x0000000708a00000| PB 0x0000000708a00000| Untracked |  0
|  25|0x0000000708c00000, 0x0000000708c00000, 0x0000000708e00000|  0%| F|  |TAMS 0x0000000708c00000| PB 0x0000000708c00000| Untracked |  0
|  26|0x0000000708e00000, 0x0000000708e00000, 0x0000000709000000|  0%| F|  |TAMS 0x0000000708e00000| PB 0x0000000708e00000| Untracked |  0
|  27|0x0000000709000000, 0x0000000709000000, 0x0000000709200000|  0%| F|  |TAMS 0x0000000709000000| PB 0x0000000709000000| Untracked |  0
|  28|0x0000000709200000, 0x0000000709200000, 0x0000000709400000|  0%| F|  |TAMS 0x0000000709200000| PB 0x0000000709200000| Untracked |  0
|  29|0x0000000709400000, 0x0000000709400000, 0x0000000709600000|  0%| F|  |TAMS 0x0000000709400000| PB 0x0000000709400000| Untracked |  0
|  30|0x0000000709600000, 0x0000000709600000, 0x0000000709800000|  0%| F|  |TAMS 0x0000000709600000| PB 0x0000000709600000| Untracked |  0
|  31|0x0000000709800000, 0x0000000709800000, 0x0000000709a00000|  0%| F|  |TAMS 0x0000000709800000| PB 0x0000000709800000| Untracked |  0
|  32|0x0000000709a00000, 0x0000000709a00000, 0x0000000709c00000|  0%| F|  |TAMS 0x0000000709a00000| PB 0x0000000709a00000| Untracked |  0
|  33|0x0000000709c00000, 0x0000000709c00000, 0x0000000709e00000|  0%| F|  |TAMS 0x0000000709c00000| PB 0x0000000709c00000| Untracked |  0
|  34|0x0000000709e00000, 0x0000000709e00000, 0x000000070a000000|  0%| F|  |TAMS 0x0000000709e00000| PB 0x0000000709e00000| Untracked |  0
|  35|0x000000070a000000, 0x000000070a000000, 0x000000070a200000|  0%| F|  |TAMS 0x000000070a000000| PB 0x000000070a000000| Untracked |  0
|  36|0x000000070a200000, 0x000000070a200000, 0x000000070a400000|  0%| F|  |TAMS 0x000000070a200000| PB 0x000000070a200000| Untracked |  0
|  37|0x000000070a400000, 0x000000070a400000, 0x000000070a600000|  0%| F|  |TAMS 0x000000070a400000| PB 0x000000070a400000| Untracked |  0
|  38|0x000000070a600000, 0x000000070a600000, 0x000000070a800000|  0%| F|  |TAMS 0x000000070a600000| PB 0x000000070a600000| Untracked |  0
|  39|0x000000070a800000, 0x000000070a800000, 0x000000070aa00000|  0%| F|  |TAMS 0x000000070a800000| PB 0x000000070a800000| Untracked |  0
|  40|0x000000070aa00000, 0x000000070aa00000, 0x000000070ac00000|  0%| F|  |TAMS 0x000000070aa00000| PB 0x000000070aa00000| Untracked |  0
|  41|0x000000070ac00000, 0x000000070ac00000, 0x000000070ae00000|  0%| F|  |TAMS 0x000000070ac00000| PB 0x000000070ac00000| Untracked |  0
|  42|0x000000070ae00000, 0x000000070ae00000, 0x000000070b000000|  0%| F|  |TAMS 0x000000070ae00000| PB 0x000000070ae00000| Untracked |  0
|  43|0x000000070b000000, 0x000000070b000000, 0x000000070b200000|  0%| F|  |TAMS 0x000000070b000000| PB 0x000000070b000000| Untracked |  0
|  44|0x000000070b200000, 0x000000070b200000, 0x000000070b400000|  0%| F|  |TAMS 0x000000070b200000| PB 0x000000070b200000| Untracked |  0
|  45|0x000000070b400000, 0x000000070b400000, 0x000000070b600000|  0%| F|  |TAMS 0x000000070b400000| PB 0x000000070b400000| Untracked |  0
|  46|0x000000070b600000, 0x000000070b600000, 0x000000070b800000|  0%| F|  |TAMS 0x000000070b600000| PB 0x000000070b600000| Untracked |  0
|  47|0x000000070b800000, 0x000000070b800000, 0x000000070ba00000|  0%| F|  |TAMS 0x000000070b800000| PB 0x000000070b800000| Untracked |  0
|  48|0x000000070ba00000, 0x000000070ba00000, 0x000000070bc00000|  0%| F|  |TAMS 0x000000070ba00000| PB 0x000000070ba00000| Untracked |  0
|  49|0x000000070bc00000, 0x000000070bc00000, 0x000000070be00000|  0%| F|  |TAMS 0x000000070bc00000| PB 0x000000070bc00000| Untracked |  0
|  50|0x000000070be00000, 0x000000070be00000, 0x000000070c000000|  0%| F|  |TAMS 0x000000070be00000| PB 0x000000070be00000| Untracked |  0
|  51|0x000000070c000000, 0x000000070c000000, 0x000000070c200000|  0%| F|  |TAMS 0x000000070c000000| PB 0x000000070c000000| Untracked |  0
|  52|0x000000070c200000, 0x000000070c200000, 0x000000070c400000|  0%| F|  |TAMS 0x000000070c200000| PB 0x000000070c200000| Untracked |  0
|  53|0x000000070c400000, 0x000000070c400000, 0x000000070c600000|  0%| F|  |TAMS 0x000000070c400000| PB 0x000000070c400000| Untracked |  0
|  54|0x000000070c600000, 0x000000070c600000, 0x000000070c800000|  0%| F|  |TAMS 0x000000070c600000| PB 0x000000070c600000| Untracked |  0
|  55|0x000000070c800000, 0x000000070c800000, 0x000000070ca00000|  0%| F|  |TAMS 0x000000070c800000| PB 0x000000070c800000| Untracked |  0
|  56|0x000000070ca00000, 0x000000070ca00000, 0x000000070cc00000|  0%| F|  |TAMS 0x000000070ca00000| PB 0x000000070ca00000| Untracked |  0
|  57|0x000000070cc00000, 0x000000070cc00000, 0x000000070ce00000|  0%| F|  |TAMS 0x000000070cc00000| PB 0x000000070cc00000| Untracked |  0
|  58|0x000000070ce00000, 0x000000070ce00000, 0x000000070d000000|  0%| F|  |TAMS 0x000000070ce00000| PB 0x000000070ce00000| Untracked |  0
|  59|0x000000070d000000, 0x000000070d000000, 0x000000070d200000|  0%| F|  |TAMS 0x000000070d000000| PB 0x000000070d000000| Untracked |  0
|  60|0x000000070d200000, 0x000000070d200000, 0x000000070d400000|  0%| F|  |TAMS 0x000000070d200000| PB 0x000000070d200000| Untracked |  0
|  61|0x000000070d400000, 0x000000070d400000, 0x000000070d600000|  0%| F|  |TAMS 0x000000070d400000| PB 0x000000070d400000| Untracked |  0
|  62|0x000000070d600000, 0x000000070d600000, 0x000000070d800000|  0%| F|  |TAMS 0x000000070d600000| PB 0x000000070d600000| Untracked |  0
|  63|0x000000070d800000, 0x000000070d800000, 0x000000070da00000|  0%| F|  |TAMS 0x000000070d800000| PB 0x000000070d800000| Untracked |  0
|  64|0x000000070da00000, 0x000000070da00000, 0x000000070dc00000|  0%| F|  |TAMS 0x000000070da00000| PB 0x000000070da00000| Untracked |  0
|  65|0x000000070dc00000, 0x000000070dc00000, 0x000000070de00000|  0%| F|  |TAMS 0x000000070dc00000| PB 0x000000070dc00000| Untracked |  0
|  66|0x000000070de00000, 0x000000070de00000, 0x000000070e000000|  0%| F|  |TAMS 0x000000070de00000| PB 0x000000070de00000| Untracked |  0
|  67|0x000000070e000000, 0x000000070e000000, 0x000000070e200000|  0%| F|  |TAMS 0x000000070e000000| PB 0x000000070e000000| Untracked |  0
|  68|0x000000070e200000, 0x000000070e200000, 0x000000070e400000|  0%| F|  |TAMS 0x000000070e200000| PB 0x000000070e200000| Untracked |  0
|  69|0x000000070e400000, 0x000000070e400000, 0x000000070e600000|  0%| F|  |TAMS 0x000000070e400000| PB 0x000000070e400000| Untracked |  0
|  70|0x000000070e600000, 0x000000070e600000, 0x000000070e800000|  0%| F|  |TAMS 0x000000070e600000| PB 0x000000070e600000| Untracked |  0
|  71|0x000000070e800000, 0x000000070e800000, 0x000000070ea00000|  0%| F|  |TAMS 0x000000070e800000| PB 0x000000070e800000| Untracked |  0
|  72|0x000000070ea00000, 0x000000070ea00000, 0x000000070ec00000|  0%| F|  |TAMS 0x000000070ea00000| PB 0x000000070ea00000| Untracked |  0
|  73|0x000000070ec00000, 0x000000070ec00000, 0x000000070ee00000|  0%| F|  |TAMS 0x000000070ec00000| PB 0x000000070ec00000| Untracked |  0
|  74|0x000000070ee00000, 0x000000070ee00000, 0x000000070f000000|  0%| F|  |TAMS 0x000000070ee00000| PB 0x000000070ee00000| Untracked |  0
|  75|0x000000070f000000, 0x000000070f000000, 0x000000070f200000|  0%| F|  |TAMS 0x000000070f000000| PB 0x000000070f000000| Untracked |  0
|  76|0x000000070f200000, 0x000000070f200000, 0x000000070f400000|  0%| F|  |TAMS 0x000000070f200000| PB 0x000000070f200000| Untracked |  0
|  77|0x000000070f400000, 0x000000070f400000, 0x000000070f600000|  0%| F|  |TAMS 0x000000070f400000| PB 0x000000070f400000| Untracked |  0
|  78|0x000000070f600000, 0x000000070f600000, 0x000000070f800000|  0%| F|  |TAMS 0x000000070f600000| PB 0x000000070f600000| Untracked |  0
|  79|0x000000070f800000, 0x000000070f800000, 0x000000070fa00000|  0%| F|  |TAMS 0x000000070f800000| PB 0x000000070f800000| Untracked |  0
|  80|0x000000070fa00000, 0x000000070fa00000, 0x000000070fc00000|  0%| F|  |TAMS 0x000000070fa00000| PB 0x000000070fa00000| Untracked |  0
|  81|0x000000070fc00000, 0x000000070fc00000, 0x000000070fe00000|  0%| F|  |TAMS 0x000000070fc00000| PB 0x000000070fc00000| Untracked |  0
|  82|0x000000070fe00000, 0x000000070fe00000, 0x0000000710000000|  0%| F|  |TAMS 0x000000070fe00000| PB 0x000000070fe00000| Untracked |  0
|  83|0x0000000710000000, 0x0000000710000000, 0x0000000710200000|  0%| F|  |TAMS 0x0000000710000000| PB 0x0000000710000000| Untracked |  0
|  84|0x0000000710200000, 0x0000000710200000, 0x0000000710400000|  0%| F|  |TAMS 0x0000000710200000| PB 0x0000000710200000| Untracked |  0
|  85|0x0000000710400000, 0x0000000710400000, 0x0000000710600000|  0%| F|  |TAMS 0x0000000710400000| PB 0x0000000710400000| Untracked |  0
|  86|0x0000000710600000, 0x0000000710600000, 0x0000000710800000|  0%| F|  |TAMS 0x0000000710600000| PB 0x0000000710600000| Untracked |  0
|  87|0x0000000710800000, 0x0000000710800000, 0x0000000710a00000|  0%| F|  |TAMS 0x0000000710800000| PB 0x0000000710800000| Untracked |  0
|  88|0x0000000710a00000, 0x0000000710a00000, 0x0000000710c00000|  0%| F|  |TAMS 0x0000000710a00000| PB 0x0000000710a00000| Untracked |  0
|  89|0x0000000710c00000, 0x0000000710c00000, 0x0000000710e00000|  0%| F|  |TAMS 0x0000000710c00000| PB 0x0000000710c00000| Untracked |  0
|  90|0x0000000710e00000, 0x0000000710e00000, 0x0000000711000000|  0%| F|  |TAMS 0x0000000710e00000| PB 0x0000000710e00000| Untracked |  0
|  91|0x0000000711000000, 0x0000000711000000, 0x0000000711200000|  0%| F|  |TAMS 0x0000000711000000| PB 0x0000000711000000| Untracked |  0
|  92|0x0000000711200000, 0x0000000711200000, 0x0000000711400000|  0%| F|  |TAMS 0x0000000711200000| PB 0x0000000711200000| Untracked |  0
|  93|0x0000000711400000, 0x0000000711400000, 0x0000000711600000|  0%| F|  |TAMS 0x0000000711400000| PB 0x0000000711400000| Untracked |  0
|  94|0x0000000711600000, 0x0000000711600000, 0x0000000711800000|  0%| F|  |TAMS 0x0000000711600000| PB 0x0000000711600000| Untracked |  0
|  95|0x0000000711800000, 0x0000000711800000, 0x0000000711a00000|  0%| F|  |TAMS 0x0000000711800000| PB 0x0000000711800000| Untracked |  0
|  96|0x0000000711a00000, 0x0000000711a00000, 0x0000000711c00000|  0%| F|  |TAMS 0x0000000711a00000| PB 0x0000000711a00000| Untracked |  0
|  97|0x0000000711c00000, 0x0000000711c00000, 0x0000000711e00000|  0%| F|  |TAMS 0x0000000711c00000| PB 0x0000000711c00000| Untracked |  0
|  98|0x0000000711e00000, 0x0000000711e00000, 0x0000000712000000|  0%| F|  |TAMS 0x0000000711e00000| PB 0x0000000711e00000| Untracked |  0
|  99|0x0000000712000000, 0x0000000712000000, 0x0000000712200000|  0%| F|  |TAMS 0x0000000712000000| PB 0x0000000712000000| Untracked |  0
| 100|0x0000000712200000, 0x0000000712200000, 0x0000000712400000|  0%| F|  |TAMS 0x0000000712200000| PB 0x0000000712200000| Untracked |  0
| 101|0x0000000712400000, 0x0000000712400000, 0x0000000712600000|  0%| F|  |TAMS 0x0000000712400000| PB 0x0000000712400000| Untracked |  0
| 102|0x0000000712600000, 0x0000000712600000, 0x0000000712800000|  0%| F|  |TAMS 0x0000000712600000| PB 0x0000000712600000| Untracked |  0
| 103|0x0000000712800000, 0x0000000712800000, 0x0000000712a00000|  0%| F|  |TAMS 0x0000000712800000| PB 0x0000000712800000| Untracked |  0
| 104|0x0000000712a00000, 0x0000000712a00000, 0x0000000712c00000|  0%| F|  |TAMS 0x0000000712a00000| PB 0x0000000712a00000| Untracked |  0
| 105|0x0000000712c00000, 0x0000000712c00000, 0x0000000712e00000|  0%| F|  |TAMS 0x0000000712c00000| PB 0x0000000712c00000| Untracked |  0
| 106|0x0000000712e00000, 0x0000000712e00000, 0x0000000713000000|  0%| F|  |TAMS 0x0000000712e00000| PB 0x0000000712e00000| Untracked |  0
| 107|0x0000000713000000, 0x0000000713000000, 0x0000000713200000|  0%| F|  |TAMS 0x0000000713000000| PB 0x0000000713000000| Untracked |  0
| 108|0x0000000713200000, 0x0000000713200000, 0x0000000713400000|  0%| F|  |TAMS 0x0000000713200000| PB 0x0000000713200000| Untracked |  0
| 109|0x0000000713400000, 0x0000000713400000, 0x0000000713600000|  0%| F|  |TAMS 0x0000000713400000| PB 0x0000000713400000| Untracked |  0
| 110|0x0000000713600000, 0x0000000713600000, 0x0000000713800000|  0%| F|  |TAMS 0x0000000713600000| PB 0x0000000713600000| Untracked |  0
| 111|0x0000000713800000, 0x0000000713800000, 0x0000000713a00000|  0%| F|  |TAMS 0x0000000713800000| PB 0x0000000713800000| Untracked |  0
| 112|0x0000000713a00000, 0x0000000713a00000, 0x0000000713c00000|  0%| F|  |TAMS 0x0000000713a00000| PB 0x0000000713a00000| Untracked |  0
| 113|0x0000000713c00000, 0x0000000713c00000, 0x0000000713e00000|  0%| F|  |TAMS 0x0000000713c00000| PB 0x0000000713c00000| Untracked |  0
| 114|0x0000000713e00000, 0x0000000713e00000, 0x0000000714000000|  0%| F|  |TAMS 0x0000000713e00000| PB 0x0000000713e00000| Untracked |  0
| 115|0x0000000714000000, 0x00000007141ef878, 0x0000000714200000| 96%| E|  |TAMS 0x0000000714000000| PB 0x0000000714000000| Complete |  0
| 116|0x0000000714200000, 0x0000000714400000, 0x0000000714400000|100%| E|CS|TAMS 0x0000000714200000| PB 0x0000000714200000| Complete |  0
| 117|0x0000000714400000, 0x0000000714600000, 0x0000000714600000|100%| E|CS|TAMS 0x0000000714400000| PB 0x0000000714400000| Complete |  0
| 118|0x0000000714600000, 0x0000000714800000, 0x0000000714800000|100%| E|CS|TAMS 0x0000000714600000| PB 0x0000000714600000| Complete |  0
| 119|0x0000000714800000, 0x0000000714a00000, 0x0000000714a00000|100%| E|CS|TAMS 0x0000000714800000| PB 0x0000000714800000| Complete |  0
| 120|0x0000000714a00000, 0x0000000714c00000, 0x0000000714c00000|100%| E|CS|TAMS 0x0000000714a00000| PB 0x0000000714a00000| Complete |  0
| 121|0x0000000714c00000, 0x0000000714e00000, 0x0000000714e00000|100%| E|CS|TAMS 0x0000000714c00000| PB 0x0000000714c00000| Complete |  0
| 122|0x0000000714e00000, 0x0000000715000000, 0x0000000715000000|100%| E|CS|TAMS 0x0000000714e00000| PB 0x0000000714e00000| Complete |  0
| 123|0x0000000715000000, 0x0000000715200000, 0x0000000715200000|100%| E|CS|TAMS 0x0000000715000000| PB 0x0000000715000000| Complete |  0
| 124|0x0000000715200000, 0x0000000715400000, 0x0000000715400000|100%| E|CS|TAMS 0x0000000715200000| PB 0x0000000715200000| Complete |  0
| 125|0x0000000715400000, 0x0000000715600000, 0x0000000715600000|100%| E|CS|TAMS 0x0000000715400000| PB 0x0000000715400000| Complete |  0
|2002|0x00000007ffe00000, 0x00000007fff1d1c0, 0x0000000800000000| 55%| O|  |TAMS 0x00000007ffe00000| PB 0x00000007ffe00000| Untracked |  0

Card table byte_map: [0x0000018ce63d0000,0x0000018ce6bb0000] _byte_map_base: 0x0000018ce2ba3000

Marking Bits: (CMBitMap*) 0x0000018ccbde2920
 Bits: [0x0000018ce6bb0000, 0x0000018ceaa48000)

Polling page: 0x0000018ccbb10000

Metaspace:

Usage:
  Non-class:      5.90 MB used.
      Class:    546.12 KB used.
       Both:      6.43 MB used.

Virtual space:
  Non-class space:       64.00 MB reserved,       6.00 MB (  9%) committed,  1 nodes.
      Class space:        1.00 GB reserved,     640.00 KB ( <1%) committed,  1 nodes.
             Both:        1.06 GB reserved,       6.62 MB ( <1%) committed. 

Chunk freelists:
   Non-Class:  10.05 MB
       Class:  15.25 MB
        Both:  25.30 MB

MaxMetaspaceSize: unlimited
CompressedClassSpaceSize: 1.00 GB
Initial GC threshold: 21.00 MB
Current GC threshold: 21.00 MB
CDS: on
 - commit_granule_bytes: 65536.
 - commit_granule_words: 8192.
 - virtual_space_node_default_size: 8388608.
 - enlarge_chunks_in_place: 1.
UseCompressedClassPointers 1, UseCompactObjectHeaders 0
Narrow klass pointer bits 32, Max shift 3
Narrow klass base: 0x0000018c80000000, Narrow klass shift: 0
Encoding Range: [0x0000018c80000000 - 0x0000018d80000000), (4294967296 bytes)
Klass Range:    [0x0000018c80000000 - 0x0000018cc1000000), (1090519040 bytes)
Klass ID Range:  [8 - 1090519033) (1090519025)


Internal statistics:

num_allocs_failed_limit: 0.
num_arena_births: 38.
num_arena_deaths: 0.
num_vsnodes_births: 2.
num_vsnodes_deaths: 0.
num_space_committed: 106.
num_space_uncommitted: 0.
num_chunks_returned_to_freelist: 0.
num_chunks_taken_from_freelist: 137.
num_chunk_merges: 0.
num_chunk_splits: 89.
num_chunks_enlarged: 64.
num_inconsistent_stats: 0.

CodeHeap 'non-profiled nmethods': size=119232Kb used=333Kb max_used=333Kb free=118898Kb
 bounds [0x0000018cdd7d0000, 0x0000018cdda40000, 0x0000018ce4c40000]
CodeHeap 'profiled nmethods': size=119104Kb used=1670Kb max_used=1670Kb free=117433Kb
 bounds [0x0000018cd5c40000, 0x0000018cd5eb0000, 0x0000018cdd090000]
CodeHeap 'non-nmethods': size=7424Kb used=2459Kb max_used=3044Kb free=4964Kb
 bounds [0x0000018cdd090000, 0x0000018cdd390000, 0x0000018cdd7d0000]
CodeCache: size=245760Kb, used=4462Kb, max_used=5047Kb, free=241295Kb
 total_blobs=1702, nmethods=1203, adapters=402, full_count=0
Compilation: enabled, stopped_count=0, restarted_count=0

Compilation events (20 events):
Event: 1.033 Thread 0x0000018cc5104070 nmethod 1140 0x0000018cd5dbfa88 code [0x0000018cd5dbfbe0, 0x0000018cd5dc0138]
Event: 1.033 Thread 0x0000018cc5104070 1144       3       jdk.internal.classfile.impl.BufWriterImpl::writeU1U2U2 (75 bytes)
Event: 1.033 Thread 0x0000018cc510ca30 nmethod 1142 0x0000018cd5dc0188 code [0x0000018cd5dc02e0, 0x0000018cd5dc08a8]
Event: 1.033 Thread 0x0000018cc5032c50 nmethod 1143 0x0000018cd5dc0908 code [0x0000018cd5dc0a60, 0x0000018cd5dc0eb0]
Event: 1.034 Thread 0x0000018cc510d1c0 nmethod 1141 0x0000018cd5dc0f08 code [0x0000018cd5dc1060, 0x0000018cd5dc17a8]
Event: 1.034 Thread 0x0000018cc5104070 nmethod 1144 0x0000018cd5dc1808 code [0x0000018cd5dc1940, 0x0000018cd5dc1ca8]
Event: 1.034 Thread 0x0000018cc5104070 1145       3       java.lang.invoke.MethodTypeForm::cachedLambdaForm (38 bytes)
Event: 1.035 Thread 0x0000018cc5104070 nmethod 1145 0x0000018cd5dc1d08 code [0x0000018cd5dc1e60, 0x0000018cd5dc2450]
Event: 1.036 Thread 0x0000018cc5104070 1147       3       jdk.internal.classfile.impl.Util::parameterSlots (39 bytes)
Event: 1.037 Thread 0x0000018cc5032c50 1148       3       jdk.internal.classfile.impl.Util::isDoubleSlot (20 bytes)
Event: 1.037 Thread 0x0000018cc510d1c0 1149       3       jdk.internal.classfile.impl.BufWriterImpl::writeU1 (24 bytes)
Event: 1.037 Thread 0x0000018cc5032c50 nmethod 1148 0x0000018cd5dc2488 code [0x0000018cd5dc25a0, 0x0000018cd5dc2718]
Event: 1.037 Thread 0x0000018cc5032c50 1150       3       jdk.internal.classfile.impl.StackMapGenerator$Frame::checkLocal (97 bytes)
Event: 1.037 Thread 0x0000018cc5104070 nmethod 1147 0x0000018cd5dc2788 code [0x0000018cd5dc28e0, 0x0000018cd5dc2d08]
Event: 1.037 Thread 0x0000018cc510d1c0 nmethod 1149 0x0000018cd5dc2d88 code [0x0000018cd5dc2ec0, 0x0000018cd5dc3170]
Event: 1.037 Thread 0x0000018cc5104070 1151       3       jdk.internal.classfile.impl.StackMapGenerator$Type::referenceType (12 bytes)
Event: 1.038 Thread 0x0000018cc5104070 nmethod 1151 0x0000018cd5dc3188 code [0x0000018cd5dc32c0, 0x0000018cd5dc3590]
Event: 1.038 Thread 0x0000018cc5032c50 nmethod 1150 0x0000018cd5dc3608 code [0x0000018cd5dc37a0, 0x0000018cd5dc4018]
Event: 1.038 Thread 0x0000018cc5104070 1152       1       jdk.internal.classfile.impl.UnboundAttribute::attributeMapper (5 bytes)
Event: 1.038 Thread 0x0000018cc5104070 nmethod 1152 0x0000018cdd81f788 code [0x0000018cdd81f880, 0x0000018cdd81f948]

GC Heap History (0 events):
No events

Dll operation events (7 events):
Event: 0.022 Loaded shared library C:\Program Files\Java\jdk-24\bin\java.dll
Event: 0.084 Loaded shared library C:\Program Files\Java\jdk-24\bin\jsvml.dll
Event: 0.158 Loaded shared library C:\Program Files\Java\jdk-24\bin\net.dll
Event: 0.162 Loaded shared library C:\Program Files\Java\jdk-24\bin\nio.dll
Event: 0.216 Loaded shared library C:\Program Files\Java\jdk-24\bin\zip.dll
Event: 0.260 Loaded shared library C:\Program Files\Java\jdk-24\bin\jimage.dll
Event: 0.595 Loaded shared library C:\Program Files\Java\jdk-24\bin\extnet.dll

Deoptimization events (20 events):
Event: 0.791 Thread 0x0000018ccb7c0960 Uncommon trap: trap_request=0xffffffde fr.pc=0x0000018cdd807dbc relative=0x00000000000006bc
Event: 0.792 Thread 0x0000018ccb7c0960 Uncommon trap: reason=class_check action=maybe_recompile pc=0x0000018cdd807dbc method=java.util.HashMap.resize()[Ljava/util/HashMap$Node; @ 200 c2
Event: 0.793 Thread 0x0000018ccb7c0960 DEOPT PACKING pc=0x0000018cdd807dbc sp=0x0000006a18efdb00
Event: 0.793 Thread 0x0000018ccb7c0960 DEOPT UNPACKING pc=0x0000018cdd1a4c02 sp=0x0000006a18efda50 mode 2
Event: 0.797 Thread 0x0000018ccb7c0960 Uncommon trap: trap_request=0xffffffde fr.pc=0x0000018cdd807dbc relative=0x00000000000006bc
Event: 0.797 Thread 0x0000018ccb7c0960 Uncommon trap: reason=class_check action=maybe_recompile pc=0x0000018cdd807dbc method=java.util.HashMap.resize()[Ljava/util/HashMap$Node; @ 200 c2
Event: 0.797 Thread 0x0000018ccb7c0960 DEOPT PACKING pc=0x0000018cdd807dbc sp=0x0000006a18efdb00
Event: 0.797 Thread 0x0000018ccb7c0960 DEOPT UNPACKING pc=0x0000018cdd1a4c02 sp=0x0000006a18efda50 mode 2
Event: 0.896 Thread 0x0000018ccb7c0960 DEOPT PACKING pc=0x0000018cd5d59ce1 sp=0x0000006a18efe290
Event: 0.896 Thread 0x0000018ccb7c0960 DEOPT UNPACKING pc=0x0000018cdd0e5722 sp=0x0000006a18efd708 mode 0
Event: 0.898 Thread 0x0000018ccb7c0960 DEOPT PACKING pc=0x0000018cd5d59ce1 sp=0x0000006a18efe290
Event: 0.898 Thread 0x0000018ccb7c0960 DEOPT UNPACKING pc=0x0000018cdd0e5722 sp=0x0000006a18efd708 mode 0
Event: 0.901 Thread 0x0000018ccb7c0960 DEOPT PACKING pc=0x0000018cd5d59ce1 sp=0x0000006a18efe220
Event: 0.902 Thread 0x0000018ccb7c0960 DEOPT UNPACKING pc=0x0000018cdd0e5722 sp=0x0000006a18efd698 mode 0
Event: 0.903 Thread 0x0000018ccb7c0960 DEOPT PACKING pc=0x0000018cd5d59ce1 sp=0x0000006a18efe220
Event: 0.903 Thread 0x0000018ccb7c0960 DEOPT UNPACKING pc=0x0000018cdd0e5722 sp=0x0000006a18efd698 mode 0
Event: 0.905 Thread 0x0000018ccb7c0960 DEOPT PACKING pc=0x0000018cd5d59ce1 sp=0x0000006a18efe290
Event: 0.905 Thread 0x0000018ccb7c0960 DEOPT UNPACKING pc=0x0000018cdd0e5722 sp=0x0000006a18efd708 mode 0
Event: 0.908 Thread 0x0000018ccb7c0960 DEOPT PACKING pc=0x0000018cd5d59ce1 sp=0x0000006a18efe220
Event: 0.908 Thread 0x0000018ccb7c0960 DEOPT UNPACKING pc=0x0000018cdd0e5722 sp=0x0000006a18efd698 mode 0

Classes loaded (20 events):
Event: 1.034 Loading class sun/security/provider/DRBG
Event: 1.034 Loading class java/security/SecureRandomSpi
Event: 1.034 Loading class java/security/SecureRandomSpi done
Event: 1.034 Loading class sun/security/provider/DRBG done
Event: 1.034 Loading class java/security/DrbgParameters$Capability
Event: 1.035 Loading class java/security/DrbgParameters$Capability done
Event: 1.035 Loading class sun/security/provider/MoreDrbgParameters
Event: 1.035 Loading class sun/security/provider/MoreDrbgParameters done
Event: 1.035 Loading class java/security/DrbgParameters
Event: 1.035 Loading class java/security/DrbgParameters done
Event: 1.035 Loading class java/security/DrbgParameters$Instantiation
Event: 1.035 Loading class java/security/DrbgParameters$Instantiation done
Event: 1.035 Loading class sun/security/provider/HashDrbg
Event: 1.035 Loading class sun/security/provider/AbstractHashDrbg
Event: 1.035 Loading class sun/security/provider/AbstractDrbg
Event: 1.036 Loading class sun/security/provider/AbstractDrbg done
Event: 1.036 Loading class sun/security/provider/AbstractHashDrbg done
Event: 1.036 Loading class sun/security/provider/HashDrbg done
Event: 1.036 Loading class sun/security/provider/EntropySource
Event: 1.036 Loading class sun/security/provider/EntropySource done

Classes unloaded (0 events):
No events

Classes redefined (0 events):
No events

Internal exceptions (20 events):
Event: 0.164 Thread 0x0000018ccb7c0960 Exception <a 'sun/nio/fs/WindowsException'{0x00000007154daf68}> (0x00000007154daf68) 
thrown [s\open\src\hotspot\share\prims\jni.cpp, line 518]
Event: 0.168 Thread 0x0000018ccb7c0960 Exception <a 'sun/nio/fs/WindowsException'{0x00000007154dd910}> (0x00000007154dd910) 
thrown [s\open\src\hotspot\share\prims\jni.cpp, line 518]
Event: 0.169 Thread 0x0000018ccb7c0960 Exception <a 'sun/nio/fs/WindowsException'{0x00000007154de5e0}> (0x00000007154de5e0) 
thrown [s\open\src\hotspot\share\prims\jni.cpp, line 518]
Event: 0.169 Thread 0x0000018ccb7c0960 Exception <a 'sun/nio/fs/WindowsException'{0x00000007154df810}> (0x00000007154df810) 
thrown [s\open\src\hotspot\share\prims\jni.cpp, line 518]
Event: 0.170 Thread 0x0000018ccb7c0960 Exception <a 'sun/nio/fs/WindowsException'{0x00000007154e04e0}> (0x00000007154e04e0) 
thrown [s\open\src\hotspot\share\prims\jni.cpp, line 518]
Event: 0.170 Thread 0x0000018ccb7c0960 Exception <a 'sun/nio/fs/WindowsException'{0x00000007154e11e0}> (0x00000007154e11e0) 
thrown [s\open\src\hotspot\share\prims\jni.cpp, line 518]
Event: 0.170 Thread 0x0000018ccb7c0960 Exception <a 'sun/nio/fs/WindowsException'{0x00000007154e1eb0}> (0x00000007154e1eb0) 
thrown [s\open\src\hotspot\share\prims\jni.cpp, line 518]
Event: 0.171 Thread 0x0000018ccb7c0960 Exception <a 'sun/nio/fs/WindowsException'{0x00000007154e2c20}> (0x00000007154e2c20) 
thrown [s\open\src\hotspot\share\prims\jni.cpp, line 518]
Event: 0.171 Thread 0x0000018ccb7c0960 Exception <a 'sun/nio/fs/WindowsException'{0x00000007154e39c8}> (0x00000007154e39c8) 
thrown [s\open\src\hotspot\share\prims\jni.cpp, line 518]
Event: 0.172 Thread 0x0000018ccb7c0960 Exception <a 'sun/nio/fs/WindowsException'{0x00000007154e46c8}> (0x00000007154e46c8) 
thrown [s\open\src\hotspot\share\prims\jni.cpp, line 518]
Event: 0.183 Thread 0x0000018ccb7c0960 Exception <a 'sun/nio/fs/WindowsException'{0x00000007152fad18}> (0x00000007152fad18) 
thrown [s\open\src\hotspot\share\prims\jni.cpp, line 518]
Event: 0.278 Thread 0x0000018ccb7c0960 Exception <a 'java/lang/NoSuchMethodError'{0x00000007150039c8}: 'java.lang.Object java.lang.invoke.DirectMethodHandle$Holder.invokeStaticInit(java.lang.Object)'> (0x00000007150039c8) 
thrown [s\open\src\hotspot\share\interpreter\linkResolver.cpp, line 805]
Event: 0.303 Thread 0x0000018ccb7c0960 Exception <a 'java/lang/NoSuchMethodError'{0x0000000715032820}: 'void java.lang.invoke.DirectMethodHandle$Holder.invokeStatic(java.lang.Object, java.lang.Object)'> (0x0000000715032820) 
thrown [s\open\src\hotspot\share\interpreter\linkResolver.cpp, line 805]
Event: 0.361 Thread 0x0000018ccb7c0960 Exception <a 'java/lang/NoSuchMethodError'{0x00000007150e9248}: 'java.lang.Object java.lang.invoke.DirectMethodHandle$Holder.invokeInterface(java.lang.Object, java.lang.Object)'> (0x00000007150e9248) 
thrown [s\open\src\hotspot\share\interpreter\linkResolver.cpp, line 805]
Event: 0.399 Thread 0x0000018ccb7c0960 Exception <a 'java/lang/NoSuchMethodError'{0x0000000714e84a88}: 'void java.lang.invoke.DirectMethodHandle$Holder.invokeSpecial(java.lang.Object, java.lang.Object, java.lang.Object)'> (0x0000000714e84a88) 
thrown [s\open\src\hotspot\share\interpreter\linkResolver.cpp, line 805]
Event: 0.402 Thread 0x0000018ccb7c0960 Exception <a 'java/lang/NoSuchMethodError'{0x0000000714e943a8}: 'void java.lang.invoke.DirectMethodHandle$Holder.invokeStatic(java.lang.Object, java.lang.Object, java.lang.Object)'> (0x0000000714e943a8) 
thrown [s\open\src\hotspot\share\interpreter\linkResolver.cpp, line 805]
Event: 0.415 Thread 0x0000018ccb7c0960 Exception <a 'java/lang/NoSuchMethodError'{0x0000000714ebfc38}: 'java.lang.Object java.lang.invoke.DirectMethodHandle$Holder.invokeVirtual(java.lang.Object, java.lang.Object, java.lang.Object)'> (0x0000000714ebfc38) 
thrown [s\open\src\hotspot\share\interpreter\linkResolver.cpp, line 805]
Event: 0.823 Thread 0x0000018ccb7c0960 Exception <a 'java/lang/NoSuchMethodError'{0x0000000714969320}: 'void java.lang.invoke.DirectMethodHandle$Holder.invokeVirtual(java.lang.Object, java.lang.Object)'> (0x0000000714969320) 
thrown [s\open\src\hotspot\share\interpreter\linkResolver.cpp, line 805]
Event: 0.972 Thread 0x0000018ccb7c0960 Exception <a 'sun/nio/fs/WindowsException'{0x00000007143f90b0}> (0x00000007143f90b0) 
thrown [s\open\src\hotspot\share\prims\jni.cpp, line 518]
Event: 1.038 Thread 0x0000018ccb7c0960 Exception <a 'java/lang/NoSuchMethodError'{0x00000007140a4a30}: 'java.lang.Object java.lang.invoke.DirectMethodHandle$Holder.invokeStaticInit(java.lang.Object, int, int, int, int)'> (0x00000007140a4a30) 
thrown [s\open\src\hotspot\share\interpreter\linkResolver.cpp, line 805]

VM Operations (12 events):
Event: 0.184 Executing VM operation: HandshakeAllThreads (Deoptimize)
Event: 0.185 Executing VM operation: HandshakeAllThreads (Deoptimize) done
Event: 0.326 Executing VM operation: HandshakeAllThreads (Deoptimize)
Event: 0.326 Executing VM operation: HandshakeAllThreads (Deoptimize) done
Event: 0.689 Executing VM operation: HandshakeAllThreads (Deoptimize)
Event: 0.689 Executing VM operation: HandshakeAllThreads (Deoptimize) done
Event: 0.786 Executing VM operation: HandshakeAllThreads (Deoptimize)
Event: 0.786 Executing VM operation: HandshakeAllThreads (Deoptimize) done
Event: 0.841 Executing VM operation: HandshakeAllThreads (Deoptimize)
Event: 0.841 Executing VM operation: HandshakeAllThreads (Deoptimize) done
Event: 0.983 Executing VM operation: HandshakeAllThreads (Deoptimize)
Event: 0.983 Executing VM operation: HandshakeAllThreads (Deoptimize) done

Memory protections (0 events):
No events

Nmethod flushes (0 events):
No events

Events (16 events):
Event: 0.048 Thread 0x0000018ccb7c0960 Thread added: 0x0000018ccb7c0960
Event: 0.074 Thread 0x0000018ccb7c0960 Thread added: 0x0000018cc50104a0
Event: 0.075 Thread 0x0000018ccb7c0960 Thread added: 0x0000018cc5010be0
Event: 0.076 Thread 0x0000018ccb7c0960 Thread added: 0x0000018cc5012940
Event: 0.076 Thread 0x0000018ccb7c0960 Thread added: 0x0000018cc5013470
Event: 0.076 Thread 0x0000018ccb7c0960 Thread added: 0x0000018cc501bfb0
Event: 0.076 Thread 0x0000018ccb7c0960 Thread added: 0x0000018cc501f290
Event: 0.077 Thread 0x0000018ccb7c0960 Thread added: 0x0000018cc5024360
Event: 0.077 Thread 0x0000018ccb7c0960 Thread added: 0x0000018cc5032c50
Event: 0.155 Thread 0x0000018ccb7c0960 Thread added: 0x0000018cc501f9e0
Event: 0.187 Thread 0x0000018cc5032c50 Thread added: 0x0000018cc5104070
Event: 0.187 Thread 0x0000018cc5032c50 Thread added: 0x0000018cc510ca30
Event: 0.188 Thread 0x0000018cc5032c50 Thread added: 0x0000018cc510d1c0
Event: 0.196 Thread 0x0000018cc5104070 Thread added: 0x0000018cc518a2d0
Event: 0.204 Thread 0x0000018ccb7c0960 Thread added: 0x0000018cc5020130
Event: 0.309 Thread 0x0000018ccb7c0960 Thread added: 0x0000018cc5021720


Dynamic libraries:
0x00007ff7df250000 - 0x00007ff7df260000 	C:\Program Files\Java\jdk-24\bin\java.exe
0x00007ffa7db00000 - 0x00007ffa7dd67000 	C:\WINDOWS\SYSTEM32\ntdll.dll
0x00007ffa7c780000 - 0x00007ffa7c849000 	C:\WINDOWS\System32\KERNEL32.DLL
0x00007ffa7b200000 - 0x00007ffa7b5f0000 	C:\WINDOWS\System32\KERNELBASE.dll
0x00007ffa7b740000 - 0x00007ffa7b88b000 	C:\WINDOWS\System32\ucrtbase.dll
0x00007ffa5b240000 - 0x00007ffa5b256000 	C:\Program Files\Java\jdk-24\bin\jli.dll
0x00007ffa5b2a0000 - 0x00007ffa5b2bb000 	C:\Program Files\Java\jdk-24\bin\VCRUNTIME140.dll
0x00007ffa7d8f0000 - 0x00007ffa7dab5000 	C:\WINDOWS\System32\USER32.dll
0x00007ffa7af00000 - 0x00007ffa7af27000 	C:\WINDOWS\System32\win32u.dll
0x00007ffa7c970000 - 0x00007ffa7c99b000 	C:\WINDOWS\System32\GDI32.dll
0x00007ffa58f80000 - 0x00007ffa5921a000 	C:\WINDOWS\WinSxS\amd64_microsoft.windows.common-controls_6595b64144ccf1df_6.0.26100.4768_none_3e0c112ce331287c\COMCTL32.dll
0x00007ffa7b600000 - 0x00007ffa7b738000 	C:\WINDOWS\System32\gdi32full.dll
0x00007ffa7ca80000 - 0x00007ffa7cb29000 	C:\WINDOWS\System32\msvcrt.dll
0x00007ffa7b0b0000 - 0x00007ffa7b153000 	C:\WINDOWS\System32\msvcp_win.dll
0x00007ffa7cf40000 - 0x00007ffa7cf6f000 	C:\WINDOWS\System32\IMM32.DLL
0x00007ffa63490000 - 0x00007ffa6349c000 	C:\Program Files\Java\jdk-24\bin\vcruntime140_1.dll
0x00007ffa35310000 - 0x00007ffa3539e000 	C:\Program Files\Java\jdk-24\bin\msvcp140.dll
0x00007ff9b6990000 - 0x00007ff9b7732000 	C:\Program Files\Java\jdk-24\bin\server\jvm.dll
0x00007ffa7bd70000 - 0x00007ffa7be24000 	C:\WINDOWS\System32\ADVAPI32.dll
0x00007ffa7b890000 - 0x00007ffa7b936000 	C:\WINDOWS\System32\sechost.dll
0x00007ffa7be30000 - 0x00007ffa7bf48000 	C:\WINDOWS\System32\RPCRT4.dll
0x00007ffa7cf80000 - 0x00007ffa7cff4000 	C:\WINDOWS\System32\WS2_32.dll
0x00007ffa65c90000 - 0x00007ffa65c9b000 	C:\WINDOWS\SYSTEM32\VERSION.dll
0x00007ffa6fbe0000 - 0x00007ffa6fc15000 	C:\WINDOWS\SYSTEM32\WINMM.dll
0x00007ffa7aa90000 - 0x00007ffa7aaee000 	C:\WINDOWS\SYSTEM32\POWRPROF.dll
0x00007ffa7aa70000 - 0x00007ffa7aa84000 	C:\WINDOWS\SYSTEM32\UMPDC.dll
0x00007ffa79970000 - 0x00007ffa7998b000 	C:\WINDOWS\SYSTEM32\kernel.appcore.dll
0x00007ffa633f0000 - 0x00007ffa633fa000 	C:\Program Files\Java\jdk-24\bin\jimage.dll
0x00007ffa782c0000 - 0x00007ffa78501000 	C:\WINDOWS\SYSTEM32\DBGHELP.DLL
0x00007ffa7cb30000 - 0x00007ffa7ceb5000 	C:\WINDOWS\System32\combase.dll
0x00007ffa7b940000 - 0x00007ffa7ba20000 	C:\WINDOWS\System32\OLEAUT32.dll
0x00007ffa62b50000 - 0x00007ffa62b93000 	C:\WINDOWS\SYSTEM32\dbgcore.DLL
0x00007ffa7b160000 - 0x00007ffa7b1f9000 	C:\WINDOWS\System32\bcryptPrimitives.dll
0x00007ffa57c00000 - 0x00007ffa57c1e000 	C:\Program Files\Java\jdk-24\bin\java.dll
0x00007ffa7bbc0000 - 0x00007ffa7bd60000 	C:\WINDOWS\System32\ole32.dll
0x00007ffa7bfd0000 - 0x00007ffa7c71d000 	C:\WINDOWS\System32\SHELL32.dll
0x00007ffa7af30000 - 0x00007ffa7b0a3000 	C:\WINDOWS\System32\wintypes.dll
0x00007ffa787c0000 - 0x00007ffa7901f000 	C:\WINDOWS\SYSTEM32\windows.storage.dll
0x00007ffa7d1f0000 - 0x00007ffa7d2e5000 	C:\WINDOWS\System32\SHCORE.dll
0x00007ffa7d780000 - 0x00007ffa7d7ea000 	C:\WINDOWS\System32\shlwapi.dll
0x00007ffa7ab50000 - 0x00007ffa7ab79000 	C:\WINDOWS\SYSTEM32\profapi.dll
0x00007ffa2af70000 - 0x00007ffa2b047000 	C:\Program Files\Java\jdk-24\bin\jsvml.dll
0x00007ffa5b290000 - 0x00007ffa5b2a0000 	C:\Program Files\Java\jdk-24\bin\net.dll
0x00007ffa79ee0000 - 0x00007ffa79f4b000 	C:\WINDOWS\system32\mswsock.dll
0x00007ffa46320000 - 0x00007ffa46336000 	C:\Program Files\Java\jdk-24\bin\nio.dll
0x00007ffa46300000 - 0x00007ffa46317000 	C:\Program Files\Java\jdk-24\bin\zip.dll
0x00007ffa79440000 - 0x00007ffa79566000 	C:\WINDOWS\SYSTEM32\DNSAPI.dll
0x00007ffa79400000 - 0x00007ffa79433000 	C:\WINDOWS\SYSTEM32\IPHLPAPI.DLL
0x00007ffa7d8e0000 - 0x00007ffa7d8ea000 	C:\WINDOWS\System32\NSI.dll
0x00007ffa6f0b0000 - 0x00007ffa6f0bb000 	C:\Windows\System32\rasadhlp.dll
0x00007ffa72080000 - 0x00007ffa72106000 	C:\WINDOWS\System32\fwpuclnt.dll
0x00007ffa5b230000 - 0x00007ffa5b239000 	C:\Program Files\Java\jdk-24\bin\extnet.dll
0x00007ffa7a2c0000 - 0x00007ffa7a2db000 	C:\WINDOWS\SYSTEM32\CRYPTSP.dll
0x00007ffa798d0000 - 0x00007ffa7990b000 	C:\WINDOWS\system32\rsaenh.dll
0x00007ffa79f80000 - 0x00007ffa79fab000 	C:\WINDOWS\SYSTEM32\USERENV.dll
0x00007ffa7ab20000 - 0x00007ffa7ab46000 	C:\WINDOWS\SYSTEM32\bcrypt.dll
0x00007ffa7a120000 - 0x00007ffa7a12c000 	C:\WINDOWS\SYSTEM32\CRYPTBASE.dll

JVMTI agents: none

dbghelp: loaded successfully - version: 4.0.5 - missing functions: none
symbol engine: initialized successfully - sym options: 0x614 - pdb path: .;C:\Program Files\Java\jdk-24\bin;C:\WINDOWS\SYSTEM32;C:\WINDOWS\WinSxS\amd64_microsoft.windows.common-controls_6595b64144ccf1df_6.0.26100.4768_none_3e0c112ce331287c;C:\Program Files\Java\jdk-24\bin\server

VM Arguments:
jvm_args: -Dfile.encoding=UTF-8 --enable-native-access=ALL-UNNAMED --module-path=C:\Users\kevin\Desktop\Sistema de faturacion\Sistema_de_facturacionColmado\SistemaFacturacionColmado\build\classes 
java_command: logica.SistemaFacturacionColmado
java_class_path (initial): C:\Users\kevin\Documents\Librerias\AbsoluteLayout-RELEASE140.jar;C:\Users\kevin\Documents\Librerias\Desplazable.jar;C:\Users\kevin\Documents\Librerias\mysql-connector-java-8.0.14.jar;C:\Users\kevin\Documents\Librerias\flatlaf-3.6.jar;C:\Users\kevin\Documents\Librerias\flatlaf-demo-3.6.1.jar;C:\Users\kevin\Desktop\Sistema de faturacion\Sistema_de_facturacionColmado\SistemaFacturacionColmado\build\classes
Launcher Type: SUN_STANDARD

[Global flags]
     intx CICompilerCount                          = 12                                        {product} {ergonomic}
     uint ConcGCThreads                            = 3                                         {product} {ergonomic}
     uint G1ConcRefinementThreads                  = 13                                        {product} {ergonomic}
   size_t G1HeapRegionSize                         = 2097152                                   {product} {ergonomic}
   size_t InitialHeapSize                          = 264241152                                 {product} {ergonomic}
   size_t MarkStackSize                            = 4194304                                   {product} {ergonomic}
   size_t MarkStackSizeMax                         = 536870912                                 {product} {ergonomic}
   size_t MaxHeapSize                              = 4200595456                                {product} {ergonomic}
   size_t MaxNewSize                               = 2518679552                                {product} {ergonomic}
   size_t MinHeapDeltaBytes                        = 2097152                                   {product} {ergonomic}
   size_t MinHeapSize                              = 8388608                                   {product} {ergonomic}
    uintx NonNMethodCodeHeapSize                   = 7602176                                {pd product} {ergonomic}
    uintx NonProfiledCodeHeapSize                  = 122093568                              {pd product} {ergonomic}
    uintx ProfiledCodeHeapSize                     = 121962496                              {pd product} {ergonomic}
    uintx ReservedCodeCacheSize                    = 251658240                              {pd product} {ergonomic}
     bool SegmentedCodeCache                       = true                                      {product} {ergonomic}
   size_t SoftMaxHeapSize                          = 4200595456                             {manageable} {ergonomic}
     bool UseCompressedOops                        = true                           {product lp64_product} {ergonomic}
     bool UseG1GC                                  = true                                      {product} {ergonomic}
     bool UseLargePagesIndividualAllocation        = false                                  {pd product} {ergonomic}

Logging:
Log output configuration:
 #0: stdout all=warning uptime,level,tags foldmultilines=false
 #1: stderr all=off uptime,level,tags foldmultilines=false

Environment Variables:
PATH=C:\Program Files\Common Files\Oracle\Java\javapath;C:\msys64\ucrt64\bin;C:\Program Files\dotnet\;C:\Program Files\Docker\Docker\resources\bin;C:\Program Files\Microsoft SQL Server\Client SDK\ODBC\170\Tools\Binn\;C:\Program Files\Git\cmd;C:\Program Files (x86)\Microsoft SQL Server\160\Tools\Binn\;C:\Program Files\Microsoft SQL Server\160\Tools\Binn\;C:\Program Files\Microsoft SQL Server\160\DTS\Binn\;C:\Program Files\Microsoft SQL Server\150\Tools\Binn\;C:\Program Files (x86)\Windows Kits\10\Windows Performance Toolkit\;C:\Users\kevin\AppData\Local\Microsoft\WindowsApps;C:\Users\kevin\AppData\Roaming\Microsoft\Windows\Start Menu\Programs\MSYS2;C:\Users\kevin\AppData\Local\Programs\Microsoft VS Code\bin;C:\msys64\ucrt64\bin;C:\Users\kevin\.dotnet\tools;C:\Program Files (x86)\Nmap;C:\Users\kevin\AppData\Local\GitHubDesktop\bin
USERNAME=kevin
OS=Windows_NT
PROCESSOR_IDENTIFIER=Intel64 Family 6 Model 186 Stepping 2, GenuineIntel
TMP=C:\Users\kevin\AppData\Local\Temp
TEMP=C:\Users\kevin\AppData\Local\Temp




Periodic native trim disabled

---------------  S Y S T E M  ---------------

OS:
 Windows 11 , 64 bit Build 26100 (10.0.26100.4768)
OS uptime: 13 days 4:14 hours
Hyper-V role detected

CPU: total 16 (initial active 16) (8 cores per cpu, 2 threads per core) family 6 model 186 stepping 2 microcode 0x4122, cx8, cmov, fxsr, ht, mmx, 3dnowpref, sse, sse2, sse3, ssse3, sse4.1, sse4.2, popcnt, lzcnt, tsc, tscinvbit, avx, avx2, aes, erms, clmul, bmi1, bmi2, adx, sha, fma, vzeroupper, clflush, clflushopt, clwb, hv, serialize, rdtscp, rdpid, fsrm, gfni, f16c, cet_ibt, cet_ss
Processor Information for processor 0
  Max Mhz: 2600, Current Mhz: 1496, Mhz Limit: 2600
Processor Information for processor 1
  Max Mhz: 2600, Current Mhz: 1496, Mhz Limit: 2600
Processor Information for processor 2
  Max Mhz: 2600, Current Mhz: 1496, Mhz Limit: 2600
Processor Information for processor 3
  Max Mhz: 2600, Current Mhz: 1496, Mhz Limit: 2600
Processor Information for processor 4
  Max Mhz: 2600, Current Mhz: 1496, Mhz Limit: 2600
Processor Information for processor 5
  Max Mhz: 2600, Current Mhz: 1496, Mhz Limit: 2600
Processor Information for processor 6
  Max Mhz: 2600, Current Mhz: 1496, Mhz Limit: 2600
Processor Information for processor 7
  Max Mhz: 2600, Current Mhz: 1496, Mhz Limit: 2600
Processor Information for processor 8
  Max Mhz: 2600, Current Mhz: 1500, Mhz Limit: 1898
Processor Information for processor 9
  Max Mhz: 2600, Current Mhz: 1500, Mhz Limit: 1898
Processor Information for processor 10
  Max Mhz: 2600, Current Mhz: 1500, Mhz Limit: 1898
Processor Information for processor 11
  Max Mhz: 2600, Current Mhz: 1500, Mhz Limit: 1898
Processor Information for processor 12
  Max Mhz: 2600, Current Mhz: 1500, Mhz Limit: 1898
Processor Information for processor 13
  Max Mhz: 2600, Current Mhz: 1500, Mhz Limit: 1898
Processor Information for processor 14
  Max Mhz: 2600, Current Mhz: 1500, Mhz Limit: 1898
Processor Information for processor 15
  Max Mhz: 2600, Current Mhz: 1500, Mhz Limit: 1898

Memory: 4k page, system-wide physical 16016M (2234M free)
TotalPageFile size 20112M (AvailPageFile size 5M)
current process WorkingSet (physical memory assigned to process): 82M, peak: 82M
current process commit charge ("private bytes"): 370M, peak: 370M

vm_info: Java HotSpot(TM) 64-Bit Server VM (24.0.1+9-30) for windows-amd64 JRE (24.0.1+9-30), built on 2025-03-05T07:23:45Z with MS VC++ 17.6 (VS2022)

END.
