#
# There is insufficient memory for the Java Runtime Environment to continue.
# Native memory allocation (malloc) failed to allocate 1049168 bytes. Error detail: Chunk::new
# Possible reasons:
#   The system is out of physical RAM or swap space
#   This process is running with CompressedOops enabled, and the Java Heap may be blocking the growth of the native heap
# Possible solutions:
#   Reduce memory load on the system
#   Increase physical memory or swap space
#   Check if swap backing store is full
#   Decrease Java heap size (-Xmx/-Xms)
#   Decrease number of Java threads
#   Decrease Java thread stack sizes (-Xss)
#   Set larger code cache with -XX:ReservedCodeCacheSize=
#   JVM is running with Zero Based Compressed Oops mode in which the Java heap is
#     placed in the first 32GB address space. The Java Heap base address is the
#     maximum limit for the native heap growth. Please use -XX:HeapBaseMinAddress
#     to set the Java Heap base and to place the Java Heap above 32GB virtual address.
# This output file may be truncated or incomplete.
#
#  Out of Memory Error (arena.cpp:162), pid=19876, tid=22968
#
# JRE version: Java(TM) SE Runtime Environment (24.0.1+9) (build 24.0.1+9-30)
# Java VM: Java HotSpot(TM) 64-Bit Server VM (24.0.1+9-30, mixed mode, tiered, compressed oops, compressed class ptrs, g1 gc, windows-amd64)
# No core dump will be written. Minidumps are not enabled by default on client versions of Windows
#

---------------  S U M M A R Y ------------

Command Line: -Dfile.encoding=UTF-8 --enable-native-access=ALL-UNNAMED --module-path=C:\Users\kevin\Desktop\Sistema de faturacion\Sistema_de_facturacionColmado\SistemaFacturacionColmado\build\classes logica.SistemaFacturacionColmado

Host: 13th Gen Intel(R) Core(TM) i5-13500H, 16 cores, 15G,  Windows 11 , 64 bit Build 26100 (10.0.26100.4768)
Time: Mon Aug 11 08:42:07 2025 Hora estándar oeste, Sudamérica elapsed time: 5.622665 seconds (0d 0h 0m 5s)

---------------  T H R E A D  ---------------

Current thread (0x00000292840601d0):  JavaThread "C2 CompilerThread0" daemon [_thread_in_native, id=22968, stack(0x0000009f03300000,0x0000009f03400000) (1024K)]


Current CompileTask:
C2:5622  263       4       java.util.HashMap::putVal (300 bytes)

Stack: [0x0000009f03300000,0x0000009f03400000]
Native frames: (J=compiled Java code, j=interpreted, Vv=VM code, C=native code)
V  [jvm.dll+0x730739]  (no source info available)
V  [jvm.dll+0x8d9b23]  (no source info available)
V  [jvm.dll+0x8dc00d]  (no source info available)
V  [jvm.dll+0x8dc683]  (no source info available)
V  [jvm.dll+0x2aa086]  (no source info available)
V  [jvm.dll+0xcedef]  (no source info available)
V  [jvm.dll+0xcf04f]  (no source info available)
V  [jvm.dll+0x154d83]  (no source info available)
V  [jvm.dll+0x735f5f]  (no source info available)
V  [jvm.dll+0x26fa1c]  (no source info available)
V  [jvm.dll+0x26ea3f]  (no source info available)
V  [jvm.dll+0x1e9d60]  (no source info available)
V  [jvm.dll+0x27e1fb]  (no source info available)
V  [jvm.dll+0x27c49a]  (no source info available)
V  [jvm.dll+0x42f456]  (no source info available)
V  [jvm.dll+0x87d76b]  (no source info available)
V  [jvm.dll+0x72ee55]  (no source info available)
C  [ucrtbase.dll+0x37b0]  (no source info available)
C  [KERNEL32.DLL+0x2e8d7]  (no source info available)
C  [ntdll.dll+0x3c34c]  (no source info available)

Lock stack of current Java thread (top to bottom):


---------------  P R O C E S S  ---------------

Threads class SMR info:
_java_thread_list=0x000002928427b5f0, length=12, elements={
0x00000292c97a3c40, 0x000002928403ecc0, 0x000002928403f980, 0x0000029284056180,
0x00000292840568c0, 0x000002928405f020, 0x000002928405f760, 0x00000292840601d0,
0x0000029284075110, 0x0000029284217b10, 0x00000292842227d0, 0x000002928437c770
}

Java Threads: ( => current thread )
  0x00000292c97a3c40 JavaThread "main"                              [_thread_in_vm, id=28324, stack(0x0000009f02500000,0x0000009f02600000) (1024K)]
  0x000002928403ecc0 JavaThread "Reference Handler"          daemon [_thread_blocked, id=22640, stack(0x0000009f02d00000,0x0000009f02e00000) (1024K)]
  0x000002928403f980 JavaThread "Finalizer"                  daemon [_thread_blocked, id=16512, stack(0x0000009f02e00000,0x0000009f02f00000) (1024K)]
  0x0000029284056180 JavaThread "Signal Dispatcher"          daemon [_thread_blocked, id=21920, stack(0x0000009f02f00000,0x0000009f03000000) (1024K)]
  0x00000292840568c0 JavaThread "Attach Listener"            daemon [_thread_blocked, id=15864, stack(0x0000009f03000000,0x0000009f03100000) (1024K)]
  0x000002928405f020 JavaThread "Service Thread"             daemon [_thread_blocked, id=30148, stack(0x0000009f03100000,0x0000009f03200000) (1024K)]
  0x000002928405f760 JavaThread "Monitor Deflation Thread"   daemon [_thread_blocked, id=25736, stack(0x0000009f03200000,0x0000009f03300000) (1024K)]
=>0x00000292840601d0 JavaThread "C2 CompilerThread0"         daemon [_thread_in_native, id=22968, stack(0x0000009f03300000,0x0000009f03400000) (1024K)]
  0x0000029284075110 JavaThread "C1 CompilerThread0"         daemon [_thread_blocked, id=16076, stack(0x0000009f03400000,0x0000009f03500000) (1024K)]
  0x0000029284217b10 JavaThread "C1 CompilerThread1"         daemon [_thread_blocked, id=29292, stack(0x0000009f03500000,0x0000009f03600000) (1024K)]
  0x00000292842227d0 JavaThread "Common-Cleaner"             daemon [_thread_blocked, id=28780, stack(0x0000009f03600000,0x0000009f03700000) (1024K)]
  0x000002928437c770 JavaThread "Notification Thread"        daemon [_thread_blocked, id=26708, stack(0x0000009f03800000,0x0000009f03900000) (1024K)]
Total: 12

Other Threads:
  0x0000029284017860 VMThread "VM Thread"                           [id=19836, stack(0x0000009f02c00000,0x0000009f02d00000) (1024K)]
  0x00000292e8e5d9d0 WatcherThread "VM Periodic Task Thread"        [id=6780, stack(0x0000009f02b00000,0x0000009f02c00000) (1024K)]
  0x00000292cbd51530 WorkerThread "GC Thread#0"                     [id=11644, stack(0x0000009f02600000,0x0000009f02700000) (1024K)]
  0x00000292cbda1010 ConcurrentGCThread "G1 Main Marker"            [id=3492, stack(0x0000009f02700000,0x0000009f02800000) (1024K)]
  0x00000292cbda22c0 WorkerThread "G1 Conc#0"                       [id=2712, stack(0x0000009f02800000,0x0000009f02900000) (1024K)]
  0x00000292e8d2e7f0 ConcurrentGCThread "G1 Refine#0"               [id=13996, stack(0x0000009f02900000,0x0000009f02a00000) (1024K)]
  0x00000292e8d2ee20 ConcurrentGCThread "G1 Service"                [id=29280, stack(0x0000009f02a00000,0x0000009f02b00000) (1024K)]
Total: 7

Threads with active compile tasks:
C2 CompilerThread0  6723  263       4       java.util.HashMap::putVal (300 bytes)
Total: 1

VM state: not at safepoint (normal execution)

VM Mutex/Monitor currently owned by a thread: None

Heap address: 0x0000000705a00000, size: 4006 MB, Compressed Oops mode: Zero based, Oop shift amount: 3

CDS archive(s) not mapped
Compressed class space mapped at: 0x000000003d000000-0x000000007d000000, reserved size: 1073741824
UseCompressedClassPointers 1, UseCompactObjectHeaders 0
Narrow klass pointer bits 32, Max shift 3
Narrow klass base: 0x0000000000000000, Narrow klass shift: 0
Encoding Range: [0x0000000000000000 - 0x0000000100000000), (4294967296 bytes)
Klass Range:    [0x000000003d000000 - 0x000000007d000000), (1073741824 bytes)
Klass ID Range:  [1023410176 - 2097151993) (1073741817)

GC Precious Log:
 CardTable entry size: 512
 Card Set container configuration: InlinePtr #cards 4 size 8 Array Of Cards #cards 16 size 48 Howl #buckets 8 coarsen threshold 3686 Howl Bitmap #cards 512 size 80 coarsen threshold 460 Card regions per heap region 1 cards per card region 4096
 CPUs: 16 total, 16 available
 Memory: 16016M
 Large Page Support: Disabled
 NUMA Support: Disabled
 Compressed Oops: Enabled (Zero based)
 Heap Region Size: 2M
 Heap Min Capacity: 8M
 Heap Initial Capacity: 252M
 Heap Max Capacity: 4006M
 Pre-touch: Disabled
 Parallel Workers: 13
 Concurrent Workers: 3
 Concurrent Refinement Workers: 13
 Periodic GC: Disabled

Heap:
 garbage-first heap   total reserved 4102144K, committed 258048K, used 4096K [0x0000000705a00000, 0x0000000800000000)
  region size 2048K, 3 young (6144K), 0 survivors (0K)
 Metaspace       used 7197K, committed 7296K, reserved 1114112K
  class space    used 503K, committed 512K, reserved 1048576K

Heap Regions: E=young(eden), S=young(survivor), O=old, HS=humongous(starts), HC=humongous(continues), CS=collection set, F=free, TAMS=top-at-mark-start, PB=parsable bottom
|   0|0x0000000705a00000, 0x0000000705a00000, 0x0000000705c00000|  0%| F|  |TAMS 0x0000000705a00000| PB 0x0000000705a00000| Untracked |  0
|   1|0x0000000705c00000, 0x0000000705c00000, 0x0000000705e00000|  0%| F|  |TAMS 0x0000000705c00000| PB 0x0000000705c00000| Untracked |  0
|   2|0x0000000705e00000, 0x0000000705e00000, 0x0000000706000000|  0%| F|  |TAMS 0x0000000705e00000| PB 0x0000000705e00000| Untracked |  0
|   3|0x0000000706000000, 0x0000000706000000, 0x0000000706200000|  0%| F|  |TAMS 0x0000000706000000| PB 0x0000000706000000| Untracked |  0
|   4|0x0000000706200000, 0x0000000706200000, 0x0000000706400000|  0%| F|  |TAMS 0x0000000706200000| PB 0x0000000706200000| Untracked |  0
|   5|0x0000000706400000, 0x0000000706400000, 0x0000000706600000|  0%| F|  |TAMS 0x0000000706400000| PB 0x0000000706400000| Untracked |  0
|   6|0x0000000706600000, 0x0000000706600000, 0x0000000706800000|  0%| F|  |TAMS 0x0000000706600000| PB 0x0000000706600000| Untracked |  0
|   7|0x0000000706800000, 0x0000000706800000, 0x0000000706a00000|  0%| F|  |TAMS 0x0000000706800000| PB 0x0000000706800000| Untracked |  0
|   8|0x0000000706a00000, 0x0000000706a00000, 0x0000000706c00000|  0%| F|  |TAMS 0x0000000706a00000| PB 0x0000000706a00000| Untracked |  0
|   9|0x0000000706c00000, 0x0000000706c00000, 0x0000000706e00000|  0%| F|  |TAMS 0x0000000706c00000| PB 0x0000000706c00000| Untracked |  0
|  10|0x0000000706e00000, 0x0000000706e00000, 0x0000000707000000|  0%| F|  |TAMS 0x0000000706e00000| PB 0x0000000706e00000| Untracked |  0
|  11|0x0000000707000000, 0x0000000707000000, 0x0000000707200000|  0%| F|  |TAMS 0x0000000707000000| PB 0x0000000707000000| Untracked |  0
|  12|0x0000000707200000, 0x0000000707200000, 0x0000000707400000|  0%| F|  |TAMS 0x0000000707200000| PB 0x0000000707200000| Untracked |  0
|  13|0x0000000707400000, 0x0000000707400000, 0x0000000707600000|  0%| F|  |TAMS 0x0000000707400000| PB 0x0000000707400000| Untracked |  0
|  14|0x0000000707600000, 0x0000000707600000, 0x0000000707800000|  0%| F|  |TAMS 0x0000000707600000| PB 0x0000000707600000| Untracked |  0
|  15|0x0000000707800000, 0x0000000707800000, 0x0000000707a00000|  0%| F|  |TAMS 0x0000000707800000| PB 0x0000000707800000| Untracked |  0
|  16|0x0000000707a00000, 0x0000000707a00000, 0x0000000707c00000|  0%| F|  |TAMS 0x0000000707a00000| PB 0x0000000707a00000| Untracked |  0
|  17|0x0000000707c00000, 0x0000000707c00000, 0x0000000707e00000|  0%| F|  |TAMS 0x0000000707c00000| PB 0x0000000707c00000| Untracked |  0
|  18|0x0000000707e00000, 0x0000000707e00000, 0x0000000708000000|  0%| F|  |TAMS 0x0000000707e00000| PB 0x0000000707e00000| Untracked |  0
|  19|0x0000000708000000, 0x0000000708000000, 0x0000000708200000|  0%| F|  |TAMS 0x0000000708000000| PB 0x0000000708000000| Untracked |  0
|  20|0x0000000708200000, 0x0000000708200000, 0x0000000708400000|  0%| F|  |TAMS 0x0000000708200000| PB 0x0000000708200000| Untracked |  0
|  21|0x0000000708400000, 0x0000000708400000, 0x0000000708600000|  0%| F|  |TAMS 0x0000000708400000| PB 0x0000000708400000| Untracked |  0
|  22|0x0000000708600000, 0x0000000708600000, 0x0000000708800000|  0%| F|  |TAMS 0x0000000708600000| PB 0x0000000708600000| Untracked |  0
|  23|0x0000000708800000, 0x0000000708800000, 0x0000000708a00000|  0%| F|  |TAMS 0x0000000708800000| PB 0x0000000708800000| Untracked |  0
|  24|0x0000000708a00000, 0x0000000708a00000, 0x0000000708c00000|  0%| F|  |TAMS 0x0000000708a00000| PB 0x0000000708a00000| Untracked |  0
|  25|0x0000000708c00000, 0x0000000708c00000, 0x0000000708e00000|  0%| F|  |TAMS 0x0000000708c00000| PB 0x0000000708c00000| Untracked |  0
|  26|0x0000000708e00000, 0x0000000708e00000, 0x0000000709000000|  0%| F|  |TAMS 0x0000000708e00000| PB 0x0000000708e00000| Untracked |  0
|  27|0x0000000709000000, 0x0000000709000000, 0x0000000709200000|  0%| F|  |TAMS 0x0000000709000000| PB 0x0000000709000000| Untracked |  0
|  28|0x0000000709200000, 0x0000000709200000, 0x0000000709400000|  0%| F|  |TAMS 0x0000000709200000| PB 0x0000000709200000| Untracked |  0
|  29|0x0000000709400000, 0x0000000709400000, 0x0000000709600000|  0%| F|  |TAMS 0x0000000709400000| PB 0x0000000709400000| Untracked |  0
|  30|0x0000000709600000, 0x0000000709600000, 0x0000000709800000|  0%| F|  |TAMS 0x0000000709600000| PB 0x0000000709600000| Untracked |  0
|  31|0x0000000709800000, 0x0000000709800000, 0x0000000709a00000|  0%| F|  |TAMS 0x0000000709800000| PB 0x0000000709800000| Untracked |  0
|  32|0x0000000709a00000, 0x0000000709a00000, 0x0000000709c00000|  0%| F|  |TAMS 0x0000000709a00000| PB 0x0000000709a00000| Untracked |  0
|  33|0x0000000709c00000, 0x0000000709c00000, 0x0000000709e00000|  0%| F|  |TAMS 0x0000000709c00000| PB 0x0000000709c00000| Untracked |  0
|  34|0x0000000709e00000, 0x0000000709e00000, 0x000000070a000000|  0%| F|  |TAMS 0x0000000709e00000| PB 0x0000000709e00000| Untracked |  0
|  35|0x000000070a000000, 0x000000070a000000, 0x000000070a200000|  0%| F|  |TAMS 0x000000070a000000| PB 0x000000070a000000| Untracked |  0
|  36|0x000000070a200000, 0x000000070a200000, 0x000000070a400000|  0%| F|  |TAMS 0x000000070a200000| PB 0x000000070a200000| Untracked |  0
|  37|0x000000070a400000, 0x000000070a400000, 0x000000070a600000|  0%| F|  |TAMS 0x000000070a400000| PB 0x000000070a400000| Untracked |  0
|  38|0x000000070a600000, 0x000000070a600000, 0x000000070a800000|  0%| F|  |TAMS 0x000000070a600000| PB 0x000000070a600000| Untracked |  0
|  39|0x000000070a800000, 0x000000070a800000, 0x000000070aa00000|  0%| F|  |TAMS 0x000000070a800000| PB 0x000000070a800000| Untracked |  0
|  40|0x000000070aa00000, 0x000000070aa00000, 0x000000070ac00000|  0%| F|  |TAMS 0x000000070aa00000| PB 0x000000070aa00000| Untracked |  0
|  41|0x000000070ac00000, 0x000000070ac00000, 0x000000070ae00000|  0%| F|  |TAMS 0x000000070ac00000| PB 0x000000070ac00000| Untracked |  0
|  42|0x000000070ae00000, 0x000000070ae00000, 0x000000070b000000|  0%| F|  |TAMS 0x000000070ae00000| PB 0x000000070ae00000| Untracked |  0
|  43|0x000000070b000000, 0x000000070b000000, 0x000000070b200000|  0%| F|  |TAMS 0x000000070b000000| PB 0x000000070b000000| Untracked |  0
|  44|0x000000070b200000, 0x000000070b200000, 0x000000070b400000|  0%| F|  |TAMS 0x000000070b200000| PB 0x000000070b200000| Untracked |  0
|  45|0x000000070b400000, 0x000000070b400000, 0x000000070b600000|  0%| F|  |TAMS 0x000000070b400000| PB 0x000000070b400000| Untracked |  0
|  46|0x000000070b600000, 0x000000070b600000, 0x000000070b800000|  0%| F|  |TAMS 0x000000070b600000| PB 0x000000070b600000| Untracked |  0
|  47|0x000000070b800000, 0x000000070b800000, 0x000000070ba00000|  0%| F|  |TAMS 0x000000070b800000| PB 0x000000070b800000| Untracked |  0
|  48|0x000000070ba00000, 0x000000070ba00000, 0x000000070bc00000|  0%| F|  |TAMS 0x000000070ba00000| PB 0x000000070ba00000| Untracked |  0
|  49|0x000000070bc00000, 0x000000070bc00000, 0x000000070be00000|  0%| F|  |TAMS 0x000000070bc00000| PB 0x000000070bc00000| Untracked |  0
|  50|0x000000070be00000, 0x000000070be00000, 0x000000070c000000|  0%| F|  |TAMS 0x000000070be00000| PB 0x000000070be00000| Untracked |  0
|  51|0x000000070c000000, 0x000000070c000000, 0x000000070c200000|  0%| F|  |TAMS 0x000000070c000000| PB 0x000000070c000000| Untracked |  0
|  52|0x000000070c200000, 0x000000070c200000, 0x000000070c400000|  0%| F|  |TAMS 0x000000070c200000| PB 0x000000070c200000| Untracked |  0
|  53|0x000000070c400000, 0x000000070c400000, 0x000000070c600000|  0%| F|  |TAMS 0x000000070c400000| PB 0x000000070c400000| Untracked |  0
|  54|0x000000070c600000, 0x000000070c600000, 0x000000070c800000|  0%| F|  |TAMS 0x000000070c600000| PB 0x000000070c600000| Untracked |  0
|  55|0x000000070c800000, 0x000000070c800000, 0x000000070ca00000|  0%| F|  |TAMS 0x000000070c800000| PB 0x000000070c800000| Untracked |  0
|  56|0x000000070ca00000, 0x000000070ca00000, 0x000000070cc00000|  0%| F|  |TAMS 0x000000070ca00000| PB 0x000000070ca00000| Untracked |  0
|  57|0x000000070cc00000, 0x000000070cc00000, 0x000000070ce00000|  0%| F|  |TAMS 0x000000070cc00000| PB 0x000000070cc00000| Untracked |  0
|  58|0x000000070ce00000, 0x000000070ce00000, 0x000000070d000000|  0%| F|  |TAMS 0x000000070ce00000| PB 0x000000070ce00000| Untracked |  0
|  59|0x000000070d000000, 0x000000070d000000, 0x000000070d200000|  0%| F|  |TAMS 0x000000070d000000| PB 0x000000070d000000| Untracked |  0
|  60|0x000000070d200000, 0x000000070d200000, 0x000000070d400000|  0%| F|  |TAMS 0x000000070d200000| PB 0x000000070d200000| Untracked |  0
|  61|0x000000070d400000, 0x000000070d400000, 0x000000070d600000|  0%| F|  |TAMS 0x000000070d400000| PB 0x000000070d400000| Untracked |  0
|  62|0x000000070d600000, 0x000000070d600000, 0x000000070d800000|  0%| F|  |TAMS 0x000000070d600000| PB 0x000000070d600000| Untracked |  0
|  63|0x000000070d800000, 0x000000070d800000, 0x000000070da00000|  0%| F|  |TAMS 0x000000070d800000| PB 0x000000070d800000| Untracked |  0
|  64|0x000000070da00000, 0x000000070da00000, 0x000000070dc00000|  0%| F|  |TAMS 0x000000070da00000| PB 0x000000070da00000| Untracked |  0
|  65|0x000000070dc00000, 0x000000070dc00000, 0x000000070de00000|  0%| F|  |TAMS 0x000000070dc00000| PB 0x000000070dc00000| Untracked |  0
|  66|0x000000070de00000, 0x000000070de00000, 0x000000070e000000|  0%| F|  |TAMS 0x000000070de00000| PB 0x000000070de00000| Untracked |  0
|  67|0x000000070e000000, 0x000000070e000000, 0x000000070e200000|  0%| F|  |TAMS 0x000000070e000000| PB 0x000000070e000000| Untracked |  0
|  68|0x000000070e200000, 0x000000070e200000, 0x000000070e400000|  0%| F|  |TAMS 0x000000070e200000| PB 0x000000070e200000| Untracked |  0
|  69|0x000000070e400000, 0x000000070e400000, 0x000000070e600000|  0%| F|  |TAMS 0x000000070e400000| PB 0x000000070e400000| Untracked |  0
|  70|0x000000070e600000, 0x000000070e600000, 0x000000070e800000|  0%| F|  |TAMS 0x000000070e600000| PB 0x000000070e600000| Untracked |  0
|  71|0x000000070e800000, 0x000000070e800000, 0x000000070ea00000|  0%| F|  |TAMS 0x000000070e800000| PB 0x000000070e800000| Untracked |  0
|  72|0x000000070ea00000, 0x000000070ea00000, 0x000000070ec00000|  0%| F|  |TAMS 0x000000070ea00000| PB 0x000000070ea00000| Untracked |  0
|  73|0x000000070ec00000, 0x000000070ec00000, 0x000000070ee00000|  0%| F|  |TAMS 0x000000070ec00000| PB 0x000000070ec00000| Untracked |  0
|  74|0x000000070ee00000, 0x000000070ee00000, 0x000000070f000000|  0%| F|  |TAMS 0x000000070ee00000| PB 0x000000070ee00000| Untracked |  0
|  75|0x000000070f000000, 0x000000070f000000, 0x000000070f200000|  0%| F|  |TAMS 0x000000070f000000| PB 0x000000070f000000| Untracked |  0
|  76|0x000000070f200000, 0x000000070f200000, 0x000000070f400000|  0%| F|  |TAMS 0x000000070f200000| PB 0x000000070f200000| Untracked |  0
|  77|0x000000070f400000, 0x000000070f400000, 0x000000070f600000|  0%| F|  |TAMS 0x000000070f400000| PB 0x000000070f400000| Untracked |  0
|  78|0x000000070f600000, 0x000000070f600000, 0x000000070f800000|  0%| F|  |TAMS 0x000000070f600000| PB 0x000000070f600000| Untracked |  0
|  79|0x000000070f800000, 0x000000070f800000, 0x000000070fa00000|  0%| F|  |TAMS 0x000000070f800000| PB 0x000000070f800000| Untracked |  0
|  80|0x000000070fa00000, 0x000000070fa00000, 0x000000070fc00000|  0%| F|  |TAMS 0x000000070fa00000| PB 0x000000070fa00000| Untracked |  0
|  81|0x000000070fc00000, 0x000000070fc00000, 0x000000070fe00000|  0%| F|  |TAMS 0x000000070fc00000| PB 0x000000070fc00000| Untracked |  0
|  82|0x000000070fe00000, 0x000000070fe00000, 0x0000000710000000|  0%| F|  |TAMS 0x000000070fe00000| PB 0x000000070fe00000| Untracked |  0
|  83|0x0000000710000000, 0x0000000710000000, 0x0000000710200000|  0%| F|  |TAMS 0x0000000710000000| PB 0x0000000710000000| Untracked |  0
|  84|0x0000000710200000, 0x0000000710200000, 0x0000000710400000|  0%| F|  |TAMS 0x0000000710200000| PB 0x0000000710200000| Untracked |  0
|  85|0x0000000710400000, 0x0000000710400000, 0x0000000710600000|  0%| F|  |TAMS 0x0000000710400000| PB 0x0000000710400000| Untracked |  0
|  86|0x0000000710600000, 0x0000000710600000, 0x0000000710800000|  0%| F|  |TAMS 0x0000000710600000| PB 0x0000000710600000| Untracked |  0
|  87|0x0000000710800000, 0x0000000710800000, 0x0000000710a00000|  0%| F|  |TAMS 0x0000000710800000| PB 0x0000000710800000| Untracked |  0
|  88|0x0000000710a00000, 0x0000000710a00000, 0x0000000710c00000|  0%| F|  |TAMS 0x0000000710a00000| PB 0x0000000710a00000| Untracked |  0
|  89|0x0000000710c00000, 0x0000000710c00000, 0x0000000710e00000|  0%| F|  |TAMS 0x0000000710c00000| PB 0x0000000710c00000| Untracked |  0
|  90|0x0000000710e00000, 0x0000000710e00000, 0x0000000711000000|  0%| F|  |TAMS 0x0000000710e00000| PB 0x0000000710e00000| Untracked |  0
|  91|0x0000000711000000, 0x0000000711000000, 0x0000000711200000|  0%| F|  |TAMS 0x0000000711000000| PB 0x0000000711000000| Untracked |  0
|  92|0x0000000711200000, 0x0000000711200000, 0x0000000711400000|  0%| F|  |TAMS 0x0000000711200000| PB 0x0000000711200000| Untracked |  0
|  93|0x0000000711400000, 0x0000000711400000, 0x0000000711600000|  0%| F|  |TAMS 0x0000000711400000| PB 0x0000000711400000| Untracked |  0
|  94|0x0000000711600000, 0x0000000711600000, 0x0000000711800000|  0%| F|  |TAMS 0x0000000711600000| PB 0x0000000711600000| Untracked |  0
|  95|0x0000000711800000, 0x0000000711800000, 0x0000000711a00000|  0%| F|  |TAMS 0x0000000711800000| PB 0x0000000711800000| Untracked |  0
|  96|0x0000000711a00000, 0x0000000711a00000, 0x0000000711c00000|  0%| F|  |TAMS 0x0000000711a00000| PB 0x0000000711a00000| Untracked |  0
|  97|0x0000000711c00000, 0x0000000711c00000, 0x0000000711e00000|  0%| F|  |TAMS 0x0000000711c00000| PB 0x0000000711c00000| Untracked |  0
|  98|0x0000000711e00000, 0x0000000711e00000, 0x0000000712000000|  0%| F|  |TAMS 0x0000000711e00000| PB 0x0000000711e00000| Untracked |  0
|  99|0x0000000712000000, 0x0000000712000000, 0x0000000712200000|  0%| F|  |TAMS 0x0000000712000000| PB 0x0000000712000000| Untracked |  0
| 100|0x0000000712200000, 0x0000000712200000, 0x0000000712400000|  0%| F|  |TAMS 0x0000000712200000| PB 0x0000000712200000| Untracked |  0
| 101|0x0000000712400000, 0x0000000712400000, 0x0000000712600000|  0%| F|  |TAMS 0x0000000712400000| PB 0x0000000712400000| Untracked |  0
| 102|0x0000000712600000, 0x0000000712600000, 0x0000000712800000|  0%| F|  |TAMS 0x0000000712600000| PB 0x0000000712600000| Untracked |  0
| 103|0x0000000712800000, 0x0000000712800000, 0x0000000712a00000|  0%| F|  |TAMS 0x0000000712800000| PB 0x0000000712800000| Untracked |  0
| 104|0x0000000712a00000, 0x0000000712a00000, 0x0000000712c00000|  0%| F|  |TAMS 0x0000000712a00000| PB 0x0000000712a00000| Untracked |  0
| 105|0x0000000712c00000, 0x0000000712c00000, 0x0000000712e00000|  0%| F|  |TAMS 0x0000000712c00000| PB 0x0000000712c00000| Untracked |  0
| 106|0x0000000712e00000, 0x0000000712e00000, 0x0000000713000000|  0%| F|  |TAMS 0x0000000712e00000| PB 0x0000000712e00000| Untracked |  0
| 107|0x0000000713000000, 0x0000000713000000, 0x0000000713200000|  0%| F|  |TAMS 0x0000000713000000| PB 0x0000000713000000| Untracked |  0
| 108|0x0000000713200000, 0x0000000713200000, 0x0000000713400000|  0%| F|  |TAMS 0x0000000713200000| PB 0x0000000713200000| Untracked |  0
| 109|0x0000000713400000, 0x0000000713400000, 0x0000000713600000|  0%| F|  |TAMS 0x0000000713400000| PB 0x0000000713400000| Untracked |  0
| 110|0x0000000713600000, 0x0000000713600000, 0x0000000713800000|  0%| F|  |TAMS 0x0000000713600000| PB 0x0000000713600000| Untracked |  0
| 111|0x0000000713800000, 0x0000000713800000, 0x0000000713a00000|  0%| F|  |TAMS 0x0000000713800000| PB 0x0000000713800000| Untracked |  0
| 112|0x0000000713a00000, 0x0000000713a00000, 0x0000000713c00000|  0%| F|  |TAMS 0x0000000713a00000| PB 0x0000000713a00000| Untracked |  0
| 113|0x0000000713c00000, 0x0000000713c00000, 0x0000000713e00000|  0%| F|  |TAMS 0x0000000713c00000| PB 0x0000000713c00000| Untracked |  0
| 114|0x0000000713e00000, 0x0000000713e00000, 0x0000000714000000|  0%| F|  |TAMS 0x0000000713e00000| PB 0x0000000713e00000| Untracked |  0
| 115|0x0000000714000000, 0x0000000714000000, 0x0000000714200000|  0%| F|  |TAMS 0x0000000714000000| PB 0x0000000714000000| Untracked |  0
| 116|0x0000000714200000, 0x0000000714200000, 0x0000000714400000|  0%| F|  |TAMS 0x0000000714200000| PB 0x0000000714200000| Untracked |  0
| 117|0x0000000714400000, 0x0000000714400000, 0x0000000714600000|  0%| F|  |TAMS 0x0000000714400000| PB 0x0000000714400000| Untracked |  0
| 118|0x0000000714600000, 0x0000000714600000, 0x0000000714800000|  0%| F|  |TAMS 0x0000000714600000| PB 0x0000000714600000| Untracked |  0
| 119|0x0000000714800000, 0x0000000714800000, 0x0000000714a00000|  0%| F|  |TAMS 0x0000000714800000| PB 0x0000000714800000| Untracked |  0
| 120|0x0000000714a00000, 0x0000000714a00000, 0x0000000714c00000|  0%| F|  |TAMS 0x0000000714a00000| PB 0x0000000714a00000| Untracked |  0
| 121|0x0000000714c00000, 0x0000000714c00000, 0x0000000714e00000|  0%| F|  |TAMS 0x0000000714c00000| PB 0x0000000714c00000| Untracked |  0
| 122|0x0000000714e00000, 0x0000000714e00000, 0x0000000715000000|  0%| F|  |TAMS 0x0000000714e00000| PB 0x0000000714e00000| Untracked |  0
| 123|0x0000000715000000, 0x00000007150f6038, 0x0000000715200000| 48%| E|  |TAMS 0x0000000715000000| PB 0x0000000715000000| Complete |  0
| 124|0x0000000715200000, 0x0000000715400000, 0x0000000715400000|100%| E|CS|TAMS 0x0000000715200000| PB 0x0000000715200000| Complete |  0
| 125|0x0000000715400000, 0x0000000715600000, 0x0000000715600000|100%| E|CS|TAMS 0x0000000715400000| PB 0x0000000715400000| Complete |  0

Card table byte_map: [0x00000292e4600000,0x00000292e4de0000] _byte_map_base: 0x00000292e0dd3000

Marking Bits: (CMBitMap*) 0x00000292cbd51c40
 Bits: [0x00000292e4de0000, 0x00000292e8c78000)

Polling page: 0x00000292c9d00000

Metaspace:

Usage:
  Non-class:      6.54 MB used.
      Class:    503.73 KB used.
       Both:      7.03 MB used.

Virtual space:
  Non-class space:       64.00 MB reserved,       6.62 MB ( 10%) committed,  1 nodes.
      Class space:        1.00 GB reserved,     512.00 KB ( <1%) committed,  1 nodes.
             Both:        1.06 GB reserved,       7.12 MB ( <1%) committed. 

Chunk freelists:
   Non-Class:  9.00 MB
       Class:  15.50 MB
        Both:  24.50 MB

MaxMetaspaceSize: unlimited
CompressedClassSpaceSize: 1.00 GB
Initial GC threshold: 21.00 MB
Current GC threshold: 21.00 MB
CDS: off
 - commit_granule_bytes: 65536.
 - commit_granule_words: 8192.
 - virtual_space_node_default_size: 8388608.
 - enlarge_chunks_in_place: 1.
UseCompressedClassPointers 1, UseCompactObjectHeaders 0
Narrow klass pointer bits 32, Max shift 3
Narrow klass base: 0x0000000000000000, Narrow klass shift: 0
Encoding Range: [0x0000000000000000 - 0x0000000100000000), (4294967296 bytes)
Klass Range:    [0x000000003d000000 - 0x000000007d000000), (1073741824 bytes)
Klass ID Range:  [1023410176 - 2097151993) (1073741817)


Internal statistics:

num_allocs_failed_limit: 0.
num_arena_births: 6.
num_arena_deaths: 0.
num_vsnodes_births: 2.
num_vsnodes_deaths: 0.
num_space_committed: 114.
num_space_uncommitted: 0.
num_chunks_returned_to_freelist: 0.
num_chunks_taken_from_freelist: 14.
num_chunk_merges: 0.
num_chunk_splits: 6.
num_chunks_enlarged: 3.
num_inconsistent_stats: 0.

CodeHeap 'non-profiled nmethods': size=119232Kb used=84Kb max_used=84Kb free=119147Kb
 bounds [0x00000292dc120000, 0x00000292dc390000, 0x00000292e3590000]
CodeHeap 'profiled nmethods': size=119104Kb used=249Kb max_used=249Kb free=118854Kb
 bounds [0x00000292d4590000, 0x00000292d4800000, 0x00000292db9e0000]
CodeHeap 'non-nmethods': size=7424Kb used=1779Kb max_used=1779Kb free=5644Kb
 bounds [0x00000292db9e0000, 0x00000292dbc50000, 0x00000292dc120000]
CodeCache: size=245760Kb, used=2112Kb, max_used=2112Kb, free=243645Kb
 total_blobs=670, nmethods=292, adapters=282, full_count=0
Compilation: enabled, stopped_count=0, restarted_count=0

Compilation events (20 events):
Event: 4.606 Thread 0x0000029284075110  276       3       java.lang.module.ResolvedModule::name (11 bytes)
Event: 4.607 Thread 0x0000029284217b10 nmethod 275 0x00000292d45cc088 code [0x00000292d45cc1c0, 0x00000292d45cc5c0]
Event: 4.607 Thread 0x00000292842c0800 nmethod 265 0x00000292dc132988 code [0x00000292dc132a80, 0x00000292dc132ca0]
Event: 4.607 Thread 0x0000029284217b10  277       3       java.util.AbstractSet::<init> (5 bytes)
Event: 4.607 Thread 0x0000029284075110 nmethod 276 0x00000292d45cc608 code [0x00000292d45cc720, 0x00000292d45cc900]
Event: 4.607 Thread 0x00000292842c0800  268       4       java.util.Objects::requireNonNull (14 bytes)
Event: 4.608 Thread 0x0000029284217b10 nmethod 277 0x00000292d45cc988 code [0x00000292d45ccaa0, 0x00000292d45ccc60]
Event: 4.608 Thread 0x0000029284217b10  278       3       java.util.AbstractMap::<init> (5 bytes)
Event: 4.608 Thread 0x0000029284217b10 nmethod 278 0x00000292d45ccc88 code [0x00000292d45ccda0, 0x00000292d45ccf00]
Event: 4.608 Thread 0x0000029284075110  282       1       java.lang.module.ResolvedModule::configuration (5 bytes)
Event: 4.608 Thread 0x0000029284075110 nmethod 282 0x00000292dc133608 code [0x00000292dc133700, 0x00000292dc1337c8]
Event: 4.609 Thread 0x00000292842c0800 nmethod 268 0x00000292dc133908 code [0x00000292dc133a00, 0x00000292dc133a80]
Event: 4.609 Thread 0x00000292842c0800  281       4       java.util.ImmutableCollections$SetN::isEmpty (13 bytes)
Event: 4.610 Thread 0x00000292842c0800 nmethod 281 0x00000292dc133f08 code [0x00000292dc134000, 0x00000292dc134080]
Event: 4.612 Thread 0x0000029284075110  285       3       java.util.HashMap::isEmpty (13 bytes)
Event: 4.612 Thread 0x0000029284217b10  286       1       java.util.HashMap::size (5 bytes)
Event: 4.612 Thread 0x0000029284075110 nmethod 285 0x00000292d45ccf88 code [0x00000292d45cd0a0, 0x00000292d45cd1f8]
Event: 4.612 Thread 0x0000029284217b10 nmethod 286 0x00000292dc134208 code [0x00000292dc134300, 0x00000292dc1343c8]
Event: 4.613 Thread 0x0000029284217b10  287       1       java.lang.module.ModuleDescriptor$Provides::service (5 bytes)
Event: 4.613 Thread 0x0000029284217b10 nmethod 287 0x00000292dc134508 code [0x00000292dc134600, 0x00000292dc1346c8]

GC Heap History (0 events):
No events

Dll operation events (4 events):
Event: 0.023 Loaded shared library C:\Program Files\Java\jdk-24\bin\java.dll
Event: 1.232 Loaded shared library C:\Program Files\Java\jdk-24\bin\jsvml.dll
Event: 3.542 Loaded shared library C:\Program Files\Java\jdk-24\bin\net.dll
Event: 3.548 Loaded shared library C:\Program Files\Java\jdk-24\bin\nio.dll

Deoptimization events (0 events):
No events

Classes loaded (20 events):
Event: 4.613 Loading class java/lang/ModuleLayer$Controller
Event: 4.613 Loading class java/lang/ModuleLayer$Controller done
Event: 4.614 Loading class jdk/internal/module/ModuleBootstrap$SafeModuleFinder
Event: 4.614 Loading class jdk/internal/module/ModuleBootstrap$SafeModuleFinder done
Event: 4.614 Loading class jdk/internal/vm/ContinuationSupport
Event: 4.614 Loading class jdk/internal/vm/ContinuationSupport done
Event: 4.614 Loading class jdk/internal/vm/Continuation$Pinned
Event: 4.614 Loading class jdk/internal/vm/Continuation$Pinned done
Event: 4.615 Loading class jdk/internal/vm/PostVMInitHook
Event: 4.615 Loading class jdk/internal/vm/PostVMInitHook done
Event: 4.615 Loading class jdk/internal/util/EnvUtils
Event: 4.615 Loading class jdk/internal/util/EnvUtils done
Event: 4.615 Loading class sun/usagetracker/UsageTrackerClient
Event: 4.616 Loading class sun/usagetracker/UsageTrackerClient done
Event: 4.616 Loading class java/util/Locale
Event: 4.619 Loading class java/util/Locale done
Event: 4.620 Loading class sun/util/locale/BaseLocale
Event: 4.620 Loading class sun/util/locale/BaseLocale done
Event: 4.620 Loading class sun/util/locale/LocaleUtils
Event: 4.620 Loading class sun/util/locale/LocaleUtils done

Classes unloaded (0 events):
No events

Classes redefined (0 events):
No events

Internal exceptions (10 events):
Event: 3.553 Thread 0x00000292c97a3c40 Exception <a 'sun/nio/fs/WindowsException'{0x0000000715346688}> (0x0000000715346688) 
thrown [s\open\src\hotspot\share\prims\jni.cpp, line 518]
Event: 3.561 Thread 0x00000292c97a3c40 Exception <a 'sun/nio/fs/WindowsException'{0x00000007153492b8}> (0x00000007153492b8) 
thrown [s\open\src\hotspot\share\prims\jni.cpp, line 518]
Event: 3.562 Thread 0x00000292c97a3c40 Exception <a 'sun/nio/fs/WindowsException'{0x0000000715349f88}> (0x0000000715349f88) 
thrown [s\open\src\hotspot\share\prims\jni.cpp, line 518]
Event: 3.563 Thread 0x00000292c97a3c40 Exception <a 'sun/nio/fs/WindowsException'{0x000000071534b1b8}> (0x000000071534b1b8) 
thrown [s\open\src\hotspot\share\prims\jni.cpp, line 518]
Event: 3.564 Thread 0x00000292c97a3c40 Exception <a 'sun/nio/fs/WindowsException'{0x000000071534be88}> (0x000000071534be88) 
thrown [s\open\src\hotspot\share\prims\jni.cpp, line 518]
Event: 3.564 Thread 0x00000292c97a3c40 Exception <a 'sun/nio/fs/WindowsException'{0x000000071534cb88}> (0x000000071534cb88) 
thrown [s\open\src\hotspot\share\prims\jni.cpp, line 518]
Event: 3.564 Thread 0x00000292c97a3c40 Exception <a 'sun/nio/fs/WindowsException'{0x000000071534d858}> (0x000000071534d858) 
thrown [s\open\src\hotspot\share\prims\jni.cpp, line 518]
Event: 3.565 Thread 0x00000292c97a3c40 Exception <a 'sun/nio/fs/WindowsException'{0x000000071534e5c8}> (0x000000071534e5c8) 
thrown [s\open\src\hotspot\share\prims\jni.cpp, line 518]
Event: 3.566 Thread 0x00000292c97a3c40 Exception <a 'sun/nio/fs/WindowsException'{0x000000071534f2c8}> (0x000000071534f2c8) 
thrown [s\open\src\hotspot\share\prims\jni.cpp, line 518]
Event: 3.582 Thread 0x00000292c97a3c40 Exception <a 'sun/nio/fs/WindowsException'{0x0000000715365910}> (0x0000000715365910) 
thrown [s\open\src\hotspot\share\prims\jni.cpp, line 518]

VM Operations (2 events):
Event: 3.586 Executing VM operation: HandshakeAllThreads (Deoptimize)
Event: 3.586 Executing VM operation: HandshakeAllThreads (Deoptimize) done

Memory protections (0 events):
No events

Nmethod flushes (0 events):
No events

Events (13 events):
Event: 1.091 Thread 0x00000292c97a3c40 Thread added: 0x00000292c97a3c40
Event: 1.215 Thread 0x00000292c97a3c40 Thread added: 0x000002928403ecc0
Event: 1.216 Thread 0x00000292c97a3c40 Thread added: 0x000002928403f980
Event: 1.218 Thread 0x00000292c97a3c40 Thread added: 0x0000029284056180
Event: 1.218 Thread 0x00000292c97a3c40 Thread added: 0x00000292840568c0
Event: 1.218 Thread 0x00000292c97a3c40 Thread added: 0x000002928405f020
Event: 1.218 Thread 0x00000292c97a3c40 Thread added: 0x000002928405f760
Event: 1.219 Thread 0x00000292c97a3c40 Thread added: 0x00000292840601d0
Event: 1.220 Thread 0x00000292c97a3c40 Thread added: 0x0000029284075110
Event: 2.521 Thread 0x0000029284075110 Thread added: 0x0000029284217b10
Event: 3.534 Thread 0x00000292c97a3c40 Thread added: 0x00000292842227d0
Event: 3.600 Thread 0x0000029284217b10 Thread added: 0x00000292842c0800
Event: 4.615 Thread 0x00000292c97a3c40 Thread added: 0x000002928437c770


Dynamic libraries:
0x00007ff7df250000 - 0x00007ff7df260000 	C:\Program Files\Java\jdk-24\bin\java.exe
0x00007ffa7db00000 - 0x00007ffa7dd67000 	C:\WINDOWS\SYSTEM32\ntdll.dll
0x00007ffa7c780000 - 0x00007ffa7c849000 	C:\WINDOWS\System32\KERNEL32.DLL
0x00007ffa7b200000 - 0x00007ffa7b5f0000 	C:\WINDOWS\System32\KERNELBASE.dll
0x00007ffa7b740000 - 0x00007ffa7b88b000 	C:\WINDOWS\System32\ucrtbase.dll
0x00007ffa6e970000 - 0x00007ffa6e98b000 	C:\Program Files\Java\jdk-24\bin\VCRUNTIME140.dll
0x00007ffa5f260000 - 0x00007ffa5f276000 	C:\Program Files\Java\jdk-24\bin\jli.dll
0x00007ffa7d8f0000 - 0x00007ffa7dab5000 	C:\WINDOWS\System32\USER32.dll
0x00007ffa7af00000 - 0x00007ffa7af27000 	C:\WINDOWS\System32\win32u.dll
0x00007ffa58f80000 - 0x00007ffa5921a000 	C:\WINDOWS\WinSxS\amd64_microsoft.windows.common-controls_6595b64144ccf1df_6.0.26100.4768_none_3e0c112ce331287c\COMCTL32.dll
0x00007ffa7c970000 - 0x00007ffa7c99b000 	C:\WINDOWS\System32\GDI32.dll
0x00007ffa7ca80000 - 0x00007ffa7cb29000 	C:\WINDOWS\System32\msvcrt.dll
0x00007ffa7b600000 - 0x00007ffa7b738000 	C:\WINDOWS\System32\gdi32full.dll
0x00007ffa7b0b0000 - 0x00007ffa7b153000 	C:\WINDOWS\System32\msvcp_win.dll
0x00007ffa7cf40000 - 0x00007ffa7cf6f000 	C:\WINDOWS\System32\IMM32.DLL
0x00007ffa72d60000 - 0x00007ffa72d6c000 	C:\Program Files\Java\jdk-24\bin\vcruntime140_1.dll
0x00007ffa1a6f0000 - 0x00007ffa1a77e000 	C:\Program Files\Java\jdk-24\bin\msvcp140.dll
0x00007ff9a21c0000 - 0x00007ff9a2f62000 	C:\Program Files\Java\jdk-24\bin\server\jvm.dll
0x00007ffa7bd70000 - 0x00007ffa7be24000 	C:\WINDOWS\System32\ADVAPI32.dll
0x00007ffa7b890000 - 0x00007ffa7b936000 	C:\WINDOWS\System32\sechost.dll
0x00007ffa7be30000 - 0x00007ffa7bf48000 	C:\WINDOWS\System32\RPCRT4.dll
0x00007ffa7cf80000 - 0x00007ffa7cff4000 	C:\WINDOWS\System32\WS2_32.dll
0x00007ffa6fbe0000 - 0x00007ffa6fc15000 	C:\WINDOWS\SYSTEM32\WINMM.dll
0x00007ffa65c90000 - 0x00007ffa65c9b000 	C:\WINDOWS\SYSTEM32\VERSION.dll
0x00007ffa7aa90000 - 0x00007ffa7aaee000 	C:\WINDOWS\SYSTEM32\POWRPROF.dll
0x00007ffa7aa70000 - 0x00007ffa7aa84000 	C:\WINDOWS\SYSTEM32\UMPDC.dll
0x00007ffa79970000 - 0x00007ffa7998b000 	C:\WINDOWS\SYSTEM32\kernel.appcore.dll
0x00007ffa6e960000 - 0x00007ffa6e96a000 	C:\Program Files\Java\jdk-24\bin\jimage.dll
0x00007ffa782c0000 - 0x00007ffa78501000 	C:\WINDOWS\SYSTEM32\DBGHELP.DLL
0x00007ffa7cb30000 - 0x00007ffa7ceb5000 	C:\WINDOWS\System32\combase.dll
0x00007ffa7b940000 - 0x00007ffa7ba20000 	C:\WINDOWS\System32\OLEAUT32.dll
0x00007ffa62b50000 - 0x00007ffa62b93000 	C:\WINDOWS\SYSTEM32\dbgcore.DLL
0x00007ffa7b160000 - 0x00007ffa7b1f9000 	C:\WINDOWS\System32\bcryptPrimitives.dll
0x00007ffa61c80000 - 0x00007ffa61c9e000 	C:\Program Files\Java\jdk-24\bin\java.dll
0x00007ffa7bbc0000 - 0x00007ffa7bd60000 	C:\WINDOWS\System32\ole32.dll
0x00007ffa7bfd0000 - 0x00007ffa7c71d000 	C:\WINDOWS\System32\SHELL32.dll
0x00007ffa7af30000 - 0x00007ffa7b0a3000 	C:\WINDOWS\System32\wintypes.dll
0x00007ffa787c0000 - 0x00007ffa7901f000 	C:\WINDOWS\SYSTEM32\windows.storage.dll
0x00007ffa7d1f0000 - 0x00007ffa7d2e5000 	C:\WINDOWS\System32\SHCORE.dll
0x00007ffa7d780000 - 0x00007ffa7d7ea000 	C:\WINDOWS\System32\shlwapi.dll
0x00007ffa7ab50000 - 0x00007ffa7ab79000 	C:\WINDOWS\SYSTEM32\profapi.dll
0x00007ffa223e0000 - 0x00007ffa224b7000 	C:\Program Files\Java\jdk-24\bin\jsvml.dll
0x00007ffa67390000 - 0x00007ffa673a0000 	C:\Program Files\Java\jdk-24\bin\net.dll
0x00007ffa79ee0000 - 0x00007ffa79f4b000 	C:\WINDOWS\system32\mswsock.dll
0x00007ffa57c00000 - 0x00007ffa57c16000 	C:\Program Files\Java\jdk-24\bin\nio.dll
0x00007ffa5ac80000 - 0x00007ffa5ac97000 	C:\Program Files\Java\jdk-24\bin\zip.dll

JVMTI agents: none

dbghelp: loaded successfully - version: 4.0.5 - missing functions: none
symbol engine: initialized successfully - sym options: 0x614 - pdb path: .;C:\Program Files\Java\jdk-24\bin;C:\WINDOWS\SYSTEM32;C:\WINDOWS\WinSxS\amd64_microsoft.windows.common-controls_6595b64144ccf1df_6.0.26100.4768_none_3e0c112ce331287c;C:\Program Files\Java\jdk-24\bin\server

VM Arguments:
jvm_args: -Dfile.encoding=UTF-8 --enable-native-access=ALL-UNNAMED --module-path=C:\Users\kevin\Desktop\Sistema de faturacion\Sistema_de_facturacionColmado\SistemaFacturacionColmado\build\classes 
java_command: logica.SistemaFacturacionColmado
java_class_path (initial): C:\Users\kevin\Documents\Librerias\AbsoluteLayout-RELEASE140.jar;C:\Users\kevin\Documents\Librerias\Desplazable.jar;C:\Users\kevin\Documents\Librerias\mysql-connector-java-8.0.14.jar;C:\Users\kevin\Documents\Librerias\flatlaf-3.6.jar;C:\Users\kevin\Documents\Librerias\flatlaf-demo-3.6.1.jar;C:\Users\kevin\Desktop\Sistema de faturacion\Sistema_de_facturacionColmado\SistemaFacturacionColmado\build\classes
Launcher Type: SUN_STANDARD

[Global flags]
     intx CICompilerCount                          = 12                                        {product} {ergonomic}
     uint ConcGCThreads                            = 3                                         {product} {ergonomic}
     uint G1ConcRefinementThreads                  = 13                                        {product} {ergonomic}
   size_t G1HeapRegionSize                         = 2097152                                   {product} {ergonomic}
   size_t InitialHeapSize                          = 264241152                                 {product} {ergonomic}
   size_t MarkStackSize                            = 4194304                                   {product} {ergonomic}
   size_t MarkStackSizeMax                         = 536870912                                 {product} {ergonomic}
   size_t MaxHeapSize                              = 4200595456                                {product} {ergonomic}
   size_t MaxNewSize                               = 2518679552                                {product} {ergonomic}
   size_t MinHeapDeltaBytes                        = 2097152                                   {product} {ergonomic}
   size_t MinHeapSize                              = 8388608                                   {product} {ergonomic}
    uintx NonNMethodCodeHeapSize                   = 7602176                                {pd product} {ergonomic}
    uintx NonProfiledCodeHeapSize                  = 122093568                              {pd product} {ergonomic}
    uintx ProfiledCodeHeapSize                     = 121962496                              {pd product} {ergonomic}
    uintx ReservedCodeCacheSize                    = 251658240                              {pd product} {ergonomic}
     bool SegmentedCodeCache                       = true                                      {product} {ergonomic}
   size_t SoftMaxHeapSize                          = 4200595456                             {manageable} {ergonomic}
     bool UseCompressedOops                        = true                           {product lp64_product} {ergonomic}
     bool UseG1GC                                  = true                                      {product} {ergonomic}
     bool UseLargePagesIndividualAllocation        = false                                  {pd product} {ergonomic}

Logging:
Log output configuration:
 #0: stdout all=warning uptime,level,tags foldmultilines=false
 #1: stderr all=off uptime,level,tags foldmultilines=false

Environment Variables:
PATH=C:\Program Files\Common Files\Oracle\Java\javapath;C:\msys64\ucrt64\bin;C:\Program Files\dotnet\;C:\Program Files\Docker\Docker\resources\bin;C:\Program Files\Microsoft SQL Server\Client SDK\ODBC\170\Tools\Binn\;C:\Program Files\Git\cmd;C:\Program Files (x86)\Microsoft SQL Server\160\Tools\Binn\;C:\Program Files\Microsoft SQL Server\160\Tools\Binn\;C:\Program Files\Microsoft SQL Server\160\DTS\Binn\;C:\Program Files\Microsoft SQL Server\150\Tools\Binn\;C:\Program Files (x86)\Windows Kits\10\Windows Performance Toolkit\;C:\Users\kevin\AppData\Local\Microsoft\WindowsApps;C:\Users\kevin\AppData\Roaming\Microsoft\Windows\Start Menu\Programs\MSYS2;C:\Users\kevin\AppData\Local\Programs\Microsoft VS Code\bin;C:\msys64\ucrt64\bin;C:\Users\kevin\.dotnet\tools;C:\Program Files (x86)\Nmap;C:\Users\kevin\AppData\Local\GitHubDesktop\bin
USERNAME=kevin
OS=Windows_NT
PROCESSOR_IDENTIFIER=Intel64 Family 6 Model 186 Stepping 2, GenuineIntel
TMP=C:\Users\kevin\AppData\Local\Temp
TEMP=C:\Users\kevin\AppData\Local\Temp




Periodic native trim disabled

---------------  S Y S T E M  ---------------

OS:
 Windows 11 , 64 bit Build 26100 (10.0.26100.4768)
OS uptime: 12 days 16:35 hours
Hyper-V role detected

CPU: total 16 (initial active 16) (8 cores per cpu, 2 threads per core) family 6 model 186 stepping 2 microcode 0x4122, cx8, cmov, fxsr, ht, mmx, 3dnowpref, sse, sse2, sse3, ssse3, sse4.1, sse4.2, popcnt, lzcnt, tsc, tscinvbit, avx, avx2, aes, erms, clmul, bmi1, bmi2, adx, sha, fma, vzeroupper, clflush, clflushopt, clwb, hv, serialize, rdtscp, rdpid, fsrm, gfni, f16c, cet_ibt, cet_ss
Processor Information for processor 0
  Max Mhz: 2600, Current Mhz: 1496, Mhz Limit: 2600
Processor Information for processor 1
  Max Mhz: 2600, Current Mhz: 1496, Mhz Limit: 2600
Processor Information for processor 2
  Max Mhz: 2600, Current Mhz: 1496, Mhz Limit: 2600
Processor Information for processor 3
  Max Mhz: 2600, Current Mhz: 1496, Mhz Limit: 2600
Processor Information for processor 4
  Max Mhz: 2600, Current Mhz: 1496, Mhz Limit: 2600
Processor Information for processor 5
  Max Mhz: 2600, Current Mhz: 1496, Mhz Limit: 2600
Processor Information for processor 6
  Max Mhz: 2600, Current Mhz: 1496, Mhz Limit: 2600
Processor Information for processor 7
  Max Mhz: 2600, Current Mhz: 1496, Mhz Limit: 2600
Processor Information for processor 8
  Max Mhz: 2600, Current Mhz: 1500, Mhz Limit: 1898
Processor Information for processor 9
  Max Mhz: 2600, Current Mhz: 1500, Mhz Limit: 1898
Processor Information for processor 10
  Max Mhz: 2600, Current Mhz: 1500, Mhz Limit: 1898
Processor Information for processor 11
  Max Mhz: 2600, Current Mhz: 1500, Mhz Limit: 1898
Processor Information for processor 12
  Max Mhz: 2600, Current Mhz: 1500, Mhz Limit: 1898
Processor Information for processor 13
  Max Mhz: 2600, Current Mhz: 1500, Mhz Limit: 1898
Processor Information for processor 14
  Max Mhz: 2600, Current Mhz: 1500, Mhz Limit: 1898
Processor Information for processor 15
  Max Mhz: 2600, Current Mhz: 1500, Mhz Limit: 1898

Memory: 4k page, system-wide physical 16016M (1629M free)
TotalPageFile size 20112M (AvailPageFile size 2M)
current process WorkingSet (physical memory assigned to process): 37M, peak: 37M
current process commit charge ("private bytes"): 342M, peak: 343M

vm_info: Java HotSpot(TM) 64-Bit Server VM (24.0.1+9-30) for windows-amd64 JRE (24.0.1+9-30), built on 2025-03-05T07:23:45Z with MS VC++ 17.6 (VS2022)

END.
